十一 30 14:43:23 
十一 30 14:43:23 Creating thread here /home/gnb/OAIOSC/OSC_L2/src/mt/mt_ss.c 3701
十一 30 14:43:23 
十一 30 14:43:23 Set priority 99
十一 30 14:43:23 
十一 30 14:43:23 Creating thread here /home/gnb/OAIOSC/OSC_L2/src/mt/mt_ss.c 3596
十一 30 14:43:23 
十一 30 14:43:23 Set priority 99
十一 30 14:43:23 
十一 30 14:43:23 Creating thread here /home/gnb/OAIOSC/OSC_L2/src/mt/mt_ss.c 3596
十一 30 14:43:23 
十一 30 14:43:23 Set priority 99
十一 30 14:43:23 
十一 30 14:43:23 Creating thread here /home/gnb/OAIOSC/OSC_L2/src/mt/mt_ss.c 3596
十一 30 14:43:23 
十一 30 14:43:23 Set priority 98
十一 30 14:43:23 
十一 30 14:43:23 Creating thread here /home/gnb/OAIOSC/OSC_L2/src/mt/mt_ss.c 3596
十一 30 14:43:23 
十一 30 14:43:23 Set priority 99
十一 30 14:43:23 
十一 30 14:43:23 Creating thread here /home/gnb/OAIOSC/OSC_L2/src/mt/mt_ss.c 3596
十一 30 14:43:23 
十一 30 14:43:23 Set priority 99
十一 30 14:43:23 
十一 30 14:43:23 Creating thread here /home/gnb/OAIOSC/OSC_L2/src/mt/mt_ss.c 3596
十一 30 14:43:23 
十一 30 14:43:23 Set priority 99
十一 30 14:43:23 
十一 30 14:43:23 Creating thread here /home/gnb/OAIOSC/OSC_L2/src/mt/mt_ss.c 3596
十一 30 14:43:23 
十一 30 14:43:23  NTUST  --> In duAppInit: Register DU APP TAPA Task for DU
十一 30 14:43:23 INFO   -->  DU_APP : DU APP created and registered    to 1 sys task
十一 30 14:43:23 
十一 30 14:43:23 DEBUG   -->  EGTP : Initializing
十一 30 14:43:23 INFO   -->  DU_APP : EGTP created and registered     to 2 sys task
十一 30 14:43:23 
十一 30 14:43:23 DEBUG  -->  SCTP : Initializing
十一 30 14:43:23 INFO   -->  DU_APP : SCTP TAPA task created and registered to 5 sys task
十一 30 14:43:23 INFO   -->  DU_APP : RLC DL and MAC TAPA task created and registered to    3 sys task
十一 30 14:43:23 INFO   -->  DU_APP : RLC UL TAPA task created and registered to    4 sys task
十一 30 14:43:23 INFO   -->  DU_APP : LWR MAC TAPA task created and registered to 6 sys task<MIB>
十一 30 14:43:23     <systemFrameNumber>
十一 30 14:43:23         000000
十一 30 14:43:23     </systemFrameNumber>
十一 30 14:43:23     <subCarrierSpacingCommon><scs15or60/></subCarrierSpacingCommon>
十一 30 14:43:23     <ssb-SubcarrierOffset>0</ssb-SubcarrierOffset>
十一 30 14:43:23     <dmrs-TypeA-Position><pos2/></dmrs-TypeA-Position>
十一 30 14:43:23     <pdcch-ConfigSIB1>
十一 30 14:43:23         <controlResourceSetZero>0</controlResourceSetZero>
十一 30 14:43:23         <searchSpaceZero>0</searchSpaceZero>
十一 30 14:43:23     </pdcch-ConfigSIB1>
十一 30 14:43:23     <cellBarred><notBarred/></cellBarred>
十一 30 14:43:23     <intraFreqReselection><notAllowed/></intraFreqReselection>
十一 30 14:43:23     <spare>
十一 30 14:43:23         0
十一 30 14:43:23     </spare>
十一 30 14:43:23 </MIB>
十一 30 14:43:23 
十一 30 14:43:23 encbufSize:3
十一 30 14:43:23 0	0	c	
十一 30 14:43:23 <SIB1>
十一 30 14:43:23     <cellAccessRelatedInfo>
十一 30 14:43:23         <plmn-IdentityList>
十一 30 14:43:23             <PLMN-IdentityInfo>
十一 30 14:43:23                 <plmn-IdentityList>
十一 30 14:43:23                     <PLMN-IdentitY>
十一 30 14:43:23                         <mcc>
十一 30 14:43:23                             <MCC-MNC-Digit>4</MCC-MNC-Digit>
十一 30 14:43:23                             <MCC-MNC-Digit>6</MCC-MNC-Digit>
十一 30 14:43:23                             <MCC-MNC-Digit>6</MCC-MNC-Digit>
十一 30 14:43:23                         </mcc>
十一 30 14:43:23                         <mnc>
十一 30 14:43:23                             <MCC-MNC-Digit>9</MCC-MNC-Digit>
十一 30 14:43:23                             <MCC-MNC-Digit>2</MCC-MNC-Digit>
十一 30 14:43:23                             <MCC-MNC-Digit>0</MCC-MNC-Digit>
十一 30 14:43:23                         </mnc>
十一 30 14:43:23                     </PLMN-IdentitY>
十一 30 14:43:23                 </plmn-IdentityList>
十一 30 14:43:23                 <trackingAreaCode>
十一 30 14:43:23                     000000010000000000000000
十一 30 14:43:23                 </trackingAreaCode>
十一 30 14:43:23                 <ranac>1</ranac>
十一 30 14:43:23                 <cellIdentity>
十一 30 14:43:23                     000000000000000000000000000000000001
十一 30 14:43:23                 </cellIdentity>
十一 30 14:43:23                 <cellReservedForOperatorUse><notReserved/></cellReservedForOperatorUse>
十一 30 14:43:23             </PLMN-IdentityInfo>
十一 30 14:43:23         </plmn-IdentityList>
十一 30 14:43:23     </cellAccessRelatedInfo>
十一 30 14:43:23     <connEstFailureControl>
十一 30 14:43:23         <connEstFailCount><n3/></connEstFailCount>
十一 30 14:43:23         <connEstFailOffsetValidity><s120/></connEstFailOffsetValidity>
十一 30 14:43:23     </connEstFailureControl>
十一 30 14:43:23     <si-SchedulingInfo>
十一 30 14:43:23         <schedulingInfoList>
十一 30 14:43:23             <SchedulingInfo>
十一 30 14:43:23                 <si-BroadcastStatus><broadcasting/></si-BroadcastStatus>
十一 30 14:43:23                 <si-Periodicity><rf8/></si-Periodicity>
十一 30 14:43:23                 <sib-MappingInfo>
十一 30 14:43:23                     <SIB-TypeInfo>
十一 30 14:43:23                         <type><sibType2/></type>
十一 30 14:43:23                         <valueTag>10</valueTag>
十一 30 14:43:23                     </SIB-TypeInfo>
十一 30 14:43:23                 </sib-MappingInfo>
十一 30 14:43:23             </SchedulingInfo>
十一 30 14:43:23         </schedulingInfoList>
十一 30 14:43:23         <si-WindowLength><s5/></si-WindowLength>
十一 30 14:43:23     </si-SchedulingInfo>
十一 30 14:43:23     <servingCellConfigCommon>
十一 30 14:43:23         <downlinkConfigCommon>
十一 30 14:43:23             <frequencyInfoDL>
十一 30 14:43:23                 <frequencyBandList>
十一 30 14:43:23                     <NR-MultiBandInfo>
十一 30 14:43:23                         <freqBandIndicatorNR>66</freqBandIndicatorNR>
十一 30 14:43:23                     </NR-MultiBandInfo>
十一 30 14:43:23                 </frequencyBandList>
十一 30 14:43:23                 <offsetToPointA>24</offsetToPointA>
十一 30 14:43:23                 <scs-SpecificCarrierList>
十一 30 14:43:23                     <SCS-SpecificCarrier>
十一 30 14:43:23                         <offsetToCarrier>0</offsetToCarrier>
十一 30 14:43:23                         <subcarrierSpacing><kHz30/></subcarrierSpacing>
十一 30 14:43:23                         <carrierBandwidth>20</carrierBandwidth>
十一 30 14:43:23                     </SCS-SpecificCarrier>
十一 30 14:43:23                 </scs-SpecificCarrierList>
十一 30 14:43:23             </frequencyInfoDL>
十一 30 14:43:23             <initialDownlinkBWP>
十一 30 14:43:23                 <genericParameters>
十一 30 14:43:23                     <locationAndBandwidth>28875</locationAndBandwidth>
十一 30 14:43:23                     <subcarrierSpacing><kHz30/></subcarrierSpacing>
十一 30 14:43:23                 </genericParameters>
十一 30 14:43:23                 <pdcch-ConfigCommon>
十一 30 14:43:23                     <setup>
十一 30 14:43:23                         <controlResourceSetZero>0</controlResourceSetZero>
十一 30 14:43:23                         <searchSpaceZero>0</searchSpaceZero>
十一 30 14:43:23                         <commonSearchSpaceList>
十一 30 14:43:23                             <SearchSpace>
十一 30 14:43:23                                 <searchSpaceId>1</searchSpaceId>
十一 30 14:43:23                                 <controlResourceSetId>0</controlResourceSetId>
十一 30 14:43:23                                 <monitoringSlotPeriodicityAndOffset>
十一 30 14:43:23                                     <sl1></sl1>
十一 30 14:43:23                                 </monitoringSlotPeriodicityAndOffset>
十一 30 14:43:23                                 <monitoringSymbolsWithinSlot>
十一 30 14:43:23                                     10000000000000
十一 30 14:43:23                                 </monitoringSymbolsWithinSlot>
十一 30 14:43:23                                 <nrofCandidates>
十一 30 14:43:23                                     <aggregationLevel1><n8/></aggregationLevel1>
十一 30 14:43:23                                     <aggregationLevel2><n4/></aggregationLevel2>
十一 30 14:43:23                                     <aggregationLevel4><n2/></aggregationLevel4>
十一 30 14:43:23                                     <aggregationLevel8><n1/></aggregationLevel8>
十一 30 14:43:23                                     <aggregationLevel16><n0/></aggregationLevel16>
十一 30 14:43:23                                 </nrofCandidates>
十一 30 14:43:23                                 <searchSpaceType>
十一 30 14:43:23                                     <common>
十一 30 14:43:23                                         <dci-Format0-0-AndFormat1-0>
十一 30 14:43:23                                         </dci-Format0-0-AndFormat1-0>
十一 30 14:43:23                                     </common>
十一 30 14:43:23                                 </searchSpaceType>
十一 30 14:43:23                             </SearchSpace>
十一 30 14:43:23                         </commonSearchSpaceList>
十一 30 14:43:23                         <searchSpaceSIB1>1</searchSpaceSIB1>
十一 30 14:43:23                         <pagingSearchSpace>1</pagingSearchSpace>
十一 30 14:43:23                         <ra-SearchSpace>1</ra-SearchSpace>
十一 30 14:43:23                     </setup>
十一 30 14:43:23                 </pdcch-ConfigCommon>
十一 30 14:43:23                 <pdsch-ConfigCommon>
十一 30 14:43:23                     <setup>
十一 30 14:43:23                         <pdsch-TimeDomainAllocationList>
十一 30 14:43:23                             <PDSCH-TimeDomainResourceAllocation>
十一 30 14:43:23                                 <k0>0</k0>
十一 30 14:43:23                                 <mappingType><typeA/></mappingType>
十一 30 14:43:23                                 <startSymbolAndLength>66</startSymbolAndLength>
十一 30 14:43:23                             </PDSCH-TimeDomainResourceAllocation>
十一 30 14:43:23                             <PDSCH-TimeDomainResourceAllocation>
十一 30 14:43:23                                 <k0>1</k0>
十一 30 14:43:23                                 <mappingType><typeA/></mappingType>
十一 30 14:43:23                                 <startSymbolAndLength>66</startSymbolAndLength>
十一 30 14:43:23                             </PDSCH-TimeDomainResourceAllocation>
十一 30 14:43:23                         </pdsch-TimeDomainAllocationList>
十一 30 14:43:23                     </setup>
十一 30 14:43:23                 </pdsch-ConfigCommon>
十一 30 14:43:23             </initialDownlinkBWP>
十一 30 14:43:23             <bcch-Config>
十一 30 14:43:23                 <modificationPeriodCoeff><n16/></modificationPeriodCoeff>
十一 30 14:43:23             </bcch-Config>
十一 30 14:43:23             <pcch-Config>
十一 30 14:43:23                 <defaultPagingCycle><rf256/></defaultPagingCycle>
十一 30 14:43:23                 <nAndPagingFrameOffset>
十一 30 14:43:23                     <oneT></oneT>
十一 30 14:43:23                 </nAndPagingFrameOffset>
十一 30 14:43:23                 <ns><four/></ns>
十一 30 14:43:23             </pcch-Config>
十一 30 14:43:23         </downlinkConfigCommon>
十一 30 14:43:23         <uplinkConfigCommon>
十一 30 14:43:23             <frequencyInfoUL>
十一 30 14:43:23                 <scs-SpecificCarrierList>
十一 30 14:43:23                     <SCS-SpecificCarrier>
十一 30 14:43:23                         <offsetToCarrier>0</offsetToCarrier>
十一 30 14:43:23                         <subcarrierSpacing><kHz30/></subcarrierSpacing>
十一 30 14:43:23                         <carrierBandwidth>20</carrierBandwidth>
十一 30 14:43:23                     </SCS-SpecificCarrier>
十一 30 14:43:23                 </scs-SpecificCarrierList>
十一 30 14:43:23                 <p-Max>23</p-Max>
十一 30 14:43:23             </frequencyInfoUL>
十一 30 14:43:23             <initialUplinkBWP>
十一 30 14:43:23                 <genericParameters>
十一 30 14:43:23                     <locationAndBandwidth>28875</locationAndBandwidth>
十一 30 14:43:23                     <subcarrierSpacing><kHz30/></subcarrierSpacing>
十一 30 14:43:23                 </genericParameters>
十一 30 14:43:23                 <rach-ConfigCommon>
十一 30 14:43:23                     <setup>
十一 30 14:43:23                         <rach-ConfigGeneric>
十一 30 14:43:23                             <prach-ConfigurationIndex>88</prach-ConfigurationIndex>
十一 30 14:43:23                             <msg1-FDM><one/></msg1-FDM>
十一 30 14:43:23                             <msg1-FrequencyStart>82</msg1-FrequencyStart>
十一 30 14:43:23                             <zeroCorrelationZoneConfig>4</zeroCorrelationZoneConfig>
十一 30 14:43:23                             <preambleReceivedTargetPower>-74</preambleReceivedTargetPower>
十一 30 14:43:23                             <preambleTransMax><n200/></preambleTransMax>
十一 30 14:43:23                             <powerRampingStep><dB2/></powerRampingStep>
十一 30 14:43:23                             <ra-ResponseWindow><sl10/></ra-ResponseWindow>
十一 30 14:43:23                         </rach-ConfigGeneric>
十一 30 14:43:23                         <totalNumberOfRA-Preambles>63</totalNumberOfRA-Preambles>
十一 30 14:43:23                         <ssb-perRACH-OccasionAndCB-PreamblesPerSSB>
十一 30 14:43:23                             <one><n8/></one>
十一 30 14:43:23                         </ssb-perRACH-OccasionAndCB-PreamblesPerSSB>
十一 30 14:43:23                         <ra-ContentionResolutionTimer><sf64/></ra-ContentionResolutionTimer>
十一 30 14:43:23                         <rsrp-ThresholdSSB>31</rsrp-ThresholdSSB>
十一 30 14:43:23                         <prach-RootSequenceIndex>
十一 30 14:43:23                             <l139>0</l139>
十一 30 14:43:23                         </prach-RootSequenceIndex>
十一 30 14:43:23                         <msg1-SubcarrierSpacing><kHz30/></msg1-SubcarrierSpacing>
十一 30 14:43:23                         <restrictedSetConfig><unrestrictedSet/></restrictedSetConfig>
十一 30 14:43:23                     </setup>
十一 30 14:43:23                 </rach-ConfigCommon>
十一 30 14:43:23                 <pusch-ConfigCommon>
十一 30 14:43:23                     <setup>
十一 30 14:43:23                         <pusch-TimeDomainAllocationList>
十一 30 14:43:23                             <PUSCH-TimeDomainResourceAllocation>
十一 30 14:43:23                                 <k2>4</k2>
十一 30 14:43:23                                 <mappingType><typeA/></mappingType>
十一 30 14:43:23                                 <startSymbolAndLength>66</startSymbolAndLength>
十一 30 14:43:23                             </PUSCH-TimeDomainResourceAllocation>
十一 30 14:43:23                             <PUSCH-TimeDomainResourceAllocation>
十一 30 14:43:23                                 <k2>5</k2>
十一 30 14:43:23                                 <mappingType><typeA/></mappingType>
十一 30 14:43:23                                 <startSymbolAndLength>66</startSymbolAndLength>
十一 30 14:43:23                             </PUSCH-TimeDomainResourceAllocation>
十一 30 14:43:23                         </pusch-TimeDomainAllocationList>
十一 30 14:43:23                         <msg3-DeltaPreamble>0</msg3-DeltaPreamble>
十一 30 14:43:23                         <p0-NominalWithGrant>-70</p0-NominalWithGrant>
十一 30 14:43:23                     </setup>
十一 30 14:43:23                 </pusch-ConfigCommon>
十一 30 14:43:23                 <pucch-ConfigCommon>
十一 30 14:43:23                     <setup>
十一 30 14:43:23                         <pucch-ResourceCommon>0</pucch-ResourceCommon>
十一 30 14:43:23                         <pucch-GroupHopping><neither/></pucch-GroupHopping>
十一 30 14:43:23                         <p0-nominal>-74</p0-nominal>
十一 30 14:43:23                     </setup>
十一 30 14:43:23                 </pucch-ConfigCommon>
十一 30 14:43:23             </initialUplinkBWP>
十一 30 14:43:23             <timeAlignmentTimerCommon><infinity/></timeAlignmentTimerCommon>
十一 30 14:43:23         </uplinkConfigCommon>
十一 30 14:43:23         <ssb-PositionsInBurst>
十一 30 14:43:23             <inOneGroup>
十一 30 14:43:23                 11000000
十一 30 14:43:23             </inOneGroup>
十一 30 14:43:23         </ssb-PositionsInBurst>
十一 30 14:43:23         <ssb-PeriodicityServingCell><ms20/></ssb-PeriodicityServingCell>
十一 30 14:43:23         <tdd-UL-DL-ConfigurationCommon>
十一 30 14:43:23             <referenceSubcarrierSpacing><kHz30/></referenceSubcarrierSpacing>
十一 30 14:43:23             <pattern1>
十一 30 14:43:23                 <dl-UL-TransmissionPeriodicity><ms5/></dl-UL-TransmissionPeriodicity>
十一 30 14:43:23                 <nrofDownlinkSlots>7</nrofDownlinkSlots>
十一 30 14:43:23                 <nrofDownlinkSymbols>12</nrofDownlinkSymbols>
十一 30 14:43:23                 <nrofUplinkSlots>2</nrofUplinkSlots>
十一 30 14:43:23                 <nrofUplinkSymbols>1</nrofUplinkSymbols>
十一 30 14:43:23             </pattern1>
十一 30 14:43:23         </tdd-UL-DL-ConfigurationCommon>
十一 30 14:43:23         <ss-PBCH-BlockPower>0</ss-PBCH-BlockPower>
十一 30 14:43:23     </servingCellConfigCommon>
十一 30 14:43:23 </SIB1>
十一 30 14:43:23 
十一 30 14:43:23 encbufSize: 98
十一 30 14:43:23 70	0	30	ffffff91	ffffff9b	24	0	1	0	0	1	0	0	0	0	1a	40	0	4	5	2	42	0	41	0	18	0	0	0	20	0	13	60	70	ffffffcb	35	ffffffd8	1	ffffffb8	20	10	0	78	ffffff88	40	10	41	ffffffa3	1	a	a	13	30	8	0	0	0	20	0	13	ffffffd5	ffffffc0	70	ffffffcb	36	ffffffa0	58	0	0	52	40	ffffff80	ffffffa6	7c	ffffffc7	ffffff9f	ffffff80	0	24	ffffffe3	11	a	2a	11	ffffff84	ffffffa8	0	ffffff80	ffffffec	4	16	0	7	ffffffc0	0	2	17	ffffff80	
十一 30 14:43:23 <BCCH-BCH-Message>
十一 30 14:43:23     <message>
十一 30 14:43:23         <mib>
十一 30 14:43:23             <systemFrameNumber>
十一 30 14:43:23                 000000
十一 30 14:43:23             </systemFrameNumber>
十一 30 14:43:23             <subCarrierSpacingCommon><scs15or60/></subCarrierSpacingCommon>
十一 30 14:43:23             <ssb-SubcarrierOffset>0</ssb-SubcarrierOffset>
十一 30 14:43:23             <dmrs-TypeA-Position><pos2/></dmrs-TypeA-Position>
十一 30 14:43:23             <pdcch-ConfigSIB1>
十一 30 14:43:23                 <controlResourceSetZero>0</controlResourceSetZero>
十一 30 14:43:23                 <searchSpaceZero>0</searchSpaceZero>
十一 30 14:43:23             </pdcch-ConfigSIB1>
十一 30 14:43:23             <cellBarred><notBarred/></cellBarred>
十一 30 14:43:23             <intraFreqReselection><notAllowed/></intraFreqReselection>
十一 30 14:43:23             <spare>
十一 30 14:43:23                 0
十一 30 14:43:23             </spare>
十一 30 14:43:23         </mib>
十一 30 14:43:23     </message>
十一 30 14:43:23 </BCCH-BCH-Message>
十一 30 14:43:23 
十一 30 14:43:23 encbufSize:3
十一 30 14:43:23 0	0	6	
十一 30 14:43:23 
十一 30 14:43:23 INFO    --> DU_APP: readVnfCfg() Conpleted
十一 30 14:43:23 ******************FINISH VNF_CFG_REQ **************************
十一 30 14:43:23 ****** Received initial configs at DU APP ******
十一 30 14:43:23 
十一 30 14:43:23 DEBUG   -->  DU_APP : RLC Gen Cfg Req sent for inst 0
十一 30 14:43:23 DEBUG   -->  DU_APP : RLC MAC Lower Sap Cfg Req sent for inst 0
十一 30 14:43:23 DEBUG   -->  DU_APP : RLC DL/UL Lower Sap Cfg Req sent for inst 0
十一 30 14:43:23 ****** Received initial vnf configs at DU APP ******
十一 30 14:43:23 
十一 30 14:43:23 DEBUG  -->  DU_APP : MAC VNF config sent
十一 30 14:43:23 DEBUG  --> RLC : RlcMiRlcConfigReq elmId(1)
十一 30 14:43:23 INFO  -->  LWR_MAC : Calling MacProcVnfCfgReq
十一 30 14:43:23 INFO   --> RLC_DL : Starting SNSSAI Throughput timer
十一 30 14:43:23 INFO  -->  LWR_MAC : phystate :  0 in msgType : 6
十一 30 14:43:23 INFO  --> LWR_MAC [NFAPI_TRACE_INFO] : lwr_mac_procVnfCfgStartEvt
十一 30 14:43:23 DEBUG  --> RLC : RlcMiRlcConfigReq elmId(186)
十一 30 14:43:23 DEBUG  --> RLC : RlcMiRlcConfigReq elmId(189)
十一 30 14:43:23 DEBUG   -->  DU_APP : RLC UL Cfg Status 0
十一 30 14:43:23 [NFAPI VNF INTF]  ->  nfapi_nr_vnf_start()
十一 30 14:43:23 [NFAPI VNF INTF]  ->  Starting P5 VNF connection on port 62324
十一 30 14:43:23 [NFAPI VNF INTF]  ->  P5 socket created...
十一 30 14:43:23 [NFAPI VNF INTF]  ->  VNF Setting the SCTP_INITMSG
十一 30 14:43:23 [NFAPI VNF INTF]  ->  IPV4 binding to port 62324
十一 30 14:43:23 DEBUG   -->  DU_APP : RLC UL Cfg Cfm received for the element 1 
十一 30 14:43:23 [NFAPI VNF INTF]  ->  bind succeeded...
十一 30 14:43:23 DEBUG   -->  DU_APP : RLC UL Cfg Status 0
十一 30 14:43:23 DEBUG   -->  DU_APP : RLC UL Cfg Cfm received for the element 186 
十一 30 14:43:23 [NFAPI VNF INTF]  ->  listen succeeded...
十一 30 14:43:23 DEBUG   -->  DU_APP : RLC UL Cfg Status 0
十一 30 14:43:23 DEBUG   -->  DU_APP : RLC UL Cfg Cfm received for the element 189 
十一 30 14:43:23 DEBUG   -->  DU_APP : RLC Gen Cfg Req sent for inst 1
十一 30 14:43:23 DEBUG   -->  DU_APP : RLC Kwu Upper Sap Cfg Req sent for inst 1
十一 30 14:43:23 DEBUG   -->  DU_APP : RLC MAC Lower Sap Cfg Req sent for inst 1
十一 30 14:43:23 DEBUG  --> RLC : RlcMiRlcConfigReq elmId(1)
十一 30 14:43:23 INFO   --> RLC_DL : Starting UE Throughput timer
十一 30 14:43:23 INFO   --> RLC_DL : Starting SNSSAI Throughput timer
十一 30 14:43:23 DEBUG  --> RLC : RlcMiRlcConfigReq elmId(189)
十一 30 14:43:23 DEBUG  --> RLC : RlcMiRlcConfigReq elmId(186)
十一 30 14:43:23 DEBUG   -->  DU_APP : RLC DL Cfg Status 0
十一 30 14:43:23 DEBUG   -->  DU_APP : RLC DL Cfg Cfm received for the element 1 
十一 30 14:43:23 DEBUG   -->  DU_APP : RLC DL Cfg Status 0
十一 30 14:43:23 DEBUG   -->  DU_APP : RLC DL Cfg Cfm received for the element 189 
十一 30 14:43:23 DEBUG   -->  DU_APP : RLC DL Cfg Status 0
十一 30 14:43:23 DEBUG   -->  DU_APP : RLC DL Cfg Cfm received for the element 186 
十一 30 14:43:23 DEBUG   -->  DU_APP : MAC Gen Cfg Req sent
十一 30 14:43:23 DEBUG  -->  DU_APP : MAC Rgu USap Cfg Req sent
十一 30 14:43:23 DEBUG  -->  DU_APP : MAC Rgu USap Cfg Req sent
十一 30 14:43:23 INFO  -->  MAC : Received CfgReq for MAC layer, Entity = 235, Instance = 0
十一 30 14:43:23 INFO  -->  MAC : Received CfgReq for MAC layer, Entity = 235, Instance = 0
十一 30 14:43:23 INFO  -->  MAC : Received CfgReq for MAC layer, Entity = 235, Instance = 0
十一 30 14:43:23 DEBUG   -->  DU_APP : MAC Cfg Cfm received for the element 1 
十一 30 14:43:23 DEBUG   -->  DU_APP : MAC Cfg Cfm received for the element 186 
十一 30 14:43:23 DEBUG   -->  DU_APP : MAC Cfg Cfm received for the element 186 
十一 30 14:43:23 DEBUG   -->  DU_APP : Completed sending Configs
十一 30 14:43:23 DEBUG   -->  DU_APP : Cntrl Req to RLC inst 1 to bind MAC sap
十一 30 14:43:23 DEBUG  --> RLC : RlcMiLkwCntrlReq(elmId(186))
十一 30 14:43:23 DEBUG  -->  MAC : SAP Not yet bound
十一 30 14:43:23 DEBUG  -->  RLC UL : RlcLiRguBndCfm(suId(0), status(1)
十一 30 14:43:23 DEBUG  -->  RLC UL : RlcLiRguBndCfm: For RGU SAP state=3
十一 30 14:43:23 DEBUG   -->  DU_APP : BIND OF RLC DL TO MAC (RGU) SAP SUCCESSFUL
十一 30 14:43:23 DEBUG   -->  DU_APP : Cntrl Req to RLC inst 0 to bind MAC sap
十一 30 14:43:23 DEBUG  --> RLC : RlcMiLkwCntrlReq(elmId(186))
十一 30 14:43:23 DEBUG   -->  DU_APP : BIND OF RLC UL TO MAC (RGU) SAP SUCCESSFUL
十一 30 14:43:23 DEBUG   -->  DU_APP : MAC Sch Cfg sent
十一 30 14:43:23 Received Scheduler gen config at MAC
十一 30 14:43:23 INFO   -->  SCH : Received scheduler gen config
十一 30 14:43:23 DEBUG  -->  SCH : Entered SchInstCfg()
十一 30 14:43:23 INFO   -->  SCH : Scheduler gen config done
十一 30 14:43:23 DEBUG  -->  Sending Scheduler config confirm to DU APP
十一 30 14:43:23 DEBUG   -->  DU_APP : Received SCH CFG CFM at DU APP
十一 30 14:43:23 INFO   -->  DU_APP : Configuring all Layer is complete
十一 30 14:43:23 CmInetSctpConnectx() Failed test: error(115), port(0x9648),		   sockFd->fd(5)
十一 30 14:43:23 
十一 30 14:43:23 CmInetSctpConnectx() Failed test: error(115), port(0x8e45),		   sockFd->fd(6)
十一 30 14:43:23 
十一 30 14:43:23 INFO   -->  SCTP : Polling started at DU
十一 30 14:43:23 
十一 30 14:43:23 DEBUG   -->  DU_APP : Sending EGTP config request
十一 30 14:43:23 DEBUG   -->  EGTP : EGTP configuration successful
十一 30 14:43:23 DEBUG   -->  SCTP : AssocId assigned to F1Params from PollParams [71]
十一 30 14:43:23 
十一 30 14:43:23 DEBUG   -->  SCTP : Assoc change notification received
十一 30 14:43:23 DEBUG   -->  DU_APP : EGTP configuraton complete
十一 30 14:43:23 INFO   -->  Event : COMMUNICATION UP in du
十一 30 14:43:23 DEBUG   -->  DU_APP : Sending EGTP server open request
十一 30 14:43:23 DEBUG   -->  SCTP : Forwarding received message to duApp
十一 30 14:43:23 DEBUG  -->  EGTP : Received EGTP open server request
十一 30 14:43:23 DEBUG   -->  SCTP : AssocId assigned to ricParams from PollParams [73]
十一 30 14:43:23 
十一 30 14:43:23 DEBUG   -->  SCTP : Assoc change notification received
十一 30 14:43:23 INFO   -->  F1AP : Building F1 Setup Request
十一 30 14:43:23 
十一 30 14:43:23 INFO   -->  Event : COMMUNICATION UP in du
十一 30 14:43:23 DEBUG   -->  SCTP : Forwarding received message to duApp
十一 30 14:43:23 DEBUG   -->  EGTP : Receiver socket[7] and Sender socket[8] open<
十一 30 14:43:23 DEBUG   -->  EGTP : Starting Socket PollingF1AP-PDU>
十一 30 14:43:23     <initiatingMessage>
十一 30 14:43:23         <procedureCode>1</procedureCode>
十一 30 14:43:23         <criticality><reject/></criticality>
十一 30 14:43:23         <value>
十一 30 14:43:23             <F1SetupRequest>
十一 30 14:43:23                 <protocolIEs>
十一 30 14:43:23                     <F1SetupRequestIEs>
十一 30 14:43:23                         <id>78</id>
十一 30 14:43:23                         <criticality><reject/></criticality>
十一 30 14:43:23                         <value>
十一 30 14:43:23                             <TransactionID>1</TransactionID>
十一 30 14:43:23                         </value>
十一 30 14:43:23                     </F1SetupRequestIEs>
十一 30 14:43:23                     <F1SetupRequestIEs>
十一 30 14:43:23                         <id>42</id>
十一 30 14:43:23                         <criticality><reject/></criticality>
十一 30 14:43:23                         <value>
十一 30 14:43:23                             <GNB-DU-ID>1</GNB-DU-ID>
十一 30 14:43:23                         </value>
十一 30 14:43:23                     </F1SetupRequestIEs>
十一 30 14:43:23                     <F1SetupRequestIEs>
十一 30 14:43:23                         <id>45</id>
十一 30 14:43:23                         <criticality><ignore/></criticality>
十一 30 14:43:23                         <value>
十一 30 14:43:23                             <GNB-DU-Name>ORAN_OAM_DU</GNB-DU-Name>
十一 30 14:43:23                         </value>
十一 30 14:43:23                     </F1SetupRequestIEs>
十一 30 14:43:23                     <F1SetupRequestIEs>
十一 30 14:43:23                         <id>44</id>
十一 30 14:43:23                         <criticality><reject/></criticality>
十一 30 14:43:23                         <value>
十一 30 14:43:23                             <GNB-DU-Served-Cells-List>
十一 30 14:43:23                                 <ProtocolIE-SingleContainer>
十一 30 14:43:23                                     <id>43</id>
十一 30 14:43:23                                     <criticality><reject/></criticality>
十一 30 14:43:23                                     <value>
十一 30 14:43:23                                         <GNB-DU-Served-Cells-Item>
十一 30 14:43:23                                             <served-Cell-Information>
十一 30 14:43:23                                                 <nRCGI>
十一 30 14:43:23                                                     <pLMN-Identity>64 96 02</pLMN-Identity>
十一 30 14:43:23                                                     <nRCellIdentity>
十一 30 14:43:23                                                         000000000000000000000000000000000001
十一 30 14:43:23                                                     </nRCellIdentity>
十一 30 14:43:23                                                 </nRCGI>
十一 30 14:43:23                                                 <nRPCI>1</nRPCI>
十一 30 14:43:23                                                 <fiveGS-TAC>00 00 01</fiveGS-TAC>
十一 30 14:43:23                                                 <servedPLMNs>
十一 30 14:43:23                                                     <ServedPLMNs-Item>
十一 30 14:43:23                                                         <pLMN-Identity>64 96 02</pLMN-Identity>
十一 30 14:43:23                                                         <iE-Extensions>
十一 30 14:43:23                                                             <ServedPLMNs-ItemExtIEs>
十一 30 14:43:23                                                                 <id>131</id>
十一 30 14:43:23                                                                 <criticality><ignore/></criticality>
十一 30 14:43:23                                                                 <extensionValue>
十一 30 14:43:23                                                                     <SliceSupportList>
十一 30 14:43:23                                                                         <SliceSupportItem>
十一 30 14:43:23                                                                             <sNSSAI>
十一 30 14:43:23                                                                                 <sST>01</sST>
十一 30 14:43:23                                                                                 <sD>02 03 04</sD>
十一 30 14:43:23                                                                             </sNSSAI>
十一 30 14:43:23                                                                         </SliceSupportItem>
十一 30 14:43:23                                                                         <SliceSupportItem>
十一 30 14:43:23                                                                             <sNSSAI>
十一 30 14:43:23                                                                                 <sST>05</sST>
十一 30 14:43:23                                                                                 <sD>06 07 08</sD>
十一 30 14:43:23                                                                             </sNSSAI>
十一 30 14:43:23                                                                         </SliceSupportItem>
十一 30 14:43:23                                                                     </SliceSupportList>
十一 30 14:43:23                                                                 </extensionValue>
十一 30 14:43:23                                                             </ServedPLMNs-ItemExtIEs>
十一 30 14:43:23                                                         </iE-Extensions>
十一 30 14:43:23                                                     </ServedPLMNs-Item>
十一 30 14:43:23                                                 </servedPLMNs>
十一 30 14:43:23                                                 <nR-Mode-Info>
十一 30 14:43:23                                                     <fDD>
十一 30 14:43:23                                                         <uL-NRFreqInfo>
十一 30 14:43:23                                                             <nRARFCN>350000</nRARFCN>
十一 30 14:43:23                                                             <freqBandListNr>
十一 30 14:43:23                                                                 <FreqBandNrItem>
十一 30 14:43:23                                                                     <freqBandIndicatorNr>66</freqBandIndicatorNr>
十一 30 14:43:23                                                                     <supportedSULBandList>
十一 30 14:43:23                                                                     </supportedSULBandList>
十一 30 14:43:23                                                                 </FreqBandNrItem>
十一 30 14:43:23                                                             </freqBandListNr>
十一 30 14:43:23                                                         </uL-NRFreqInfo>
十一 30 14:43:23                                                         <dL-NRFreqInfo>
十一 30 14:43:23                                                             <nRARFCN>430000</nRARFCN>
十一 30 14:43:23                                                             <freqBandListNr>
十一 30 14:43:23                                                                 <FreqBandNrItem>
十一 30 14:43:23                                                                     <freqBandIndicatorNr>66</freqBandIndicatorNr>
十一 30 14:43:23                                                                     <supportedSULBandList>
十一 30 14:43:23                                                                     </supportedSULBandList>
十一 30 14:43:23                                                                 </FreqBandNrItem>
十一 30 14:43:23                                                             </freqBandListNr>
十一 30 14:43:23                                                         </dL-NRFreqInfo>
十一 30 14:43:23                                                         <uL-Transmission-Bandwidth>
十一 30 14:43:23                                                             <nRSCS><scs60/></nRSCS>
十一 30 14:43:23                                                             <nRNRB><nrb106/></nRNRB>
十一 30 14:43:23                                                         </uL-Transmission-Bandwidth>
十一 30 14:43:23                                                         <dL-Transmission-Bandwidth>
十一 30 14:43:23                                                             <nRSCS><scs60/></nRSCS>
十一 30 14:43:23                                                             <nRNRB><nrb106/></nRNRB>
十一 30 14:43:23                                                         </dL-Transmission-Bandwidth>
十一 30 14:43:23                                                     </fDD>
十一 30 14:43:23                                                 </nR-Mode-Info>
十一 30 14:43:23                                                 <measurementTimingConfiguration>00</measurementTimingConfiguration>
十一 30 14:43:23                                             </served-Cell-Information>
十一 30 14:43:23                                             <gNB-DU-System-Information>
十一 30 14:43:23                                                 <mIB-message>00 00 0C</mIB-message>
十一 30 14:43:23                                                 <sIB1-message>
十一 30 14:43:23                                                     70 00 30 91 9B 24 00 01 00 00 01 00 00 00 00 1A 
十一 30 14:43:23                                                     40 00 04 05 02 42 00 41 00 18 00 00 00 20 00 13 
十一 30 14:43:23                                                     60 70 CB 35 D8 01 B8 20 10 00 78 88 40 10 41 A3 
十一 30 14:43:23                                                     01 0A 0A 13 30 08 00 00 00 20 00 13 D5 C0 70 CB 
十一 30 14:43:23                                                     36 A0 58 00 00 52 40 80 A6 7C C7 9F 80 00 24 E3 
十一 30 14:43:23                                                     11 0A 2A 11 84 A8 00 80 EC 04 16 00 07 C0 00 02 
十一 30 14:43:23                                                     17 80
十一 30 14:43:23                                                 </sIB1-message>
十一 30 14:43:23                                             </gNB-DU-System-Information>
十一 30 14:43:23                                         </GNB-DU-Served-Cells-Item>
十一 30 14:43:23                                     </value>
十一 30 14:43:23                                 </ProtocolIE-SingleContainer>
十一 30 14:43:23                             </GNB-DU-Served-Cells-List>
十一 30 14:43:23                         </value>
十一 30 14:43:23                     </F1SetupRequestIEs>
十一 30 14:43:23                     <F1SetupRequestIEs>
十一 30 14:43:23                         <id>171</id>
十一 30 14:43:23                         <criticality><reject/></criticality>
十一 30 14:43:23                         <value>
十一 30 14:43:23                             <RRC-Version>
十一 30 14:43:23                                 <latest-RRC-Version>
十一 30 14:43:23                                     000
十一 30 14:43:23                                 </latest-RRC-Version>
十一 30 14:43:23                             </RRC-Version>
十一 30 14:43:23                         </value>
十一 30 14:43:23                     </F1SetupRequestIEs>
十一 30 14:43:23                 </protocolIEs>
十一 30 14:43:23             </F1SetupRequest>
十一 30 14:43:23         </value>
十一 30 14:43:23     </initiatingMessage>
十一 30 14:43:23 </F1AP-PDU>
十一 30 14:43:23 
十一 30 14:43:23 DEBUG   -->  F1AP : Created APER encoded buffer for F1SetupRequest
十一 30 14:43:23 010ffffff80ffffffd400504e020102a020102d40d504f52414e5f4f414d5f445502c0ffffff80ffffffaa0002b0ffffff80ffffffa348064ffffff96200001001001864ffffff962000ffffff8340c01402023440ffffffa0678105573000410406ffffff8fffffffb000410478ffffffe0100300c6270030ffffff91ffffff9b240100100001a40045242041018000200136070ffffffcb35ffffffd81ffffffb82010078ffffff88401041ffffffa31aa1330800020013ffffffd5ffffffc070ffffffcb36ffffffa058005240ffffff80ffffffa67cffffffc7ffffff9fffffff80024ffffffe311a2a11ffffff84ffffffa80ffffff80ffffffec41607ffffffc00217ffffff800ffffffab010
十一 30 14:43:23 msg: qlen: 0001 mlen: 0217   00-->00 region: 00
十一 30 14:43:23 dat: 00 01 00 80 d4 00 00 05 00 4e 00 02 00 01 00 2a .........N.....*
十一 30 14:43:23      00 02 00 01 00 2d 40 0d 05 00 4f 52 41 4e 5f 4f .....-@...ORAN_O
十一 30 14:43:23      41 4d 5f 44 55 00 2c 00 80 aa 00 00 00 2b 00 80 AM_DU.,......+..
十一 30 14:43:23      a3 48 00 64 96 02 00 00 00 00 10 00 01 00 00 01 .H.d............
十一 30 14:43:23      08 64 96 02 00 00 00 83 40 0c 00 01 40 20 02 03 .d......@...@ ..
十一 30 14:43:23      04 40 a0 06 07 08 01 00 05 57 30 00 00 41 00 40 .@.......W0..A.@
十一 30 14:43:23      06 8f b0 00 00 41 00 47 08 e0 01 00 00 03 00 00 .....A.G........
十一 30 14:43:23      0c 62 70 00 30 91 9b 24 00 01 00 00 01 00 00 00 .bp.0..$........
十一 30 14:43:23      00 1a 40 00 04 05 02 42 00 41 00 18 00 00 00 20 ..@....B.A..... 
十一 30 14:43:23      00 13 60 70 cb 35 d8 01 b8 20 10 00 78 88 40 10 ..`p.5... ..x.@.
十一 30 14:43:23      41 a3 01 0a 0a 13 30 08 00 00 00 20 00 13 d5 c0 A.....0.... ....
十一 30 14:43:23      70 cb 36 a0 58 00 00 52 40 80 a6 7c c7 9f 80 00 p.6.X..R@..|....
十一 30 14:43:23      24 e3 11 0a 2a 11 84 a8 00 80 ec 04 16 00 07 c0 $...*...........
十一 30 14:43:23      00 02 17 80 00 ab 00 01 00                      .........
十一 30 14:43:23      
十一 30 14:43:23 DEBUG   -->  SCTP : sending the message to CU
十一 30 14:43:23 DEBUG   -->  DU_APP : EGTP server opened successfully
十一 30 14:43:23 INFO   -->  E2AP : Building E2 Setup Request
十一 30 14:43:23 <E2AP-PDU>
十一 30 14:43:23     <initiatingMessage>
十一 30 14:43:23         <procedureCode>1</procedureCode>
十一 30 14:43:23         <criticality><reject/></criticality>
十一 30 14:43:23         <value>
十一 30 14:43:23             <E2setupRequest>
十一 30 14:43:23                 <protocolIEs>
十一 30 14:43:23                     <E2setupRequestIEs>
十一 30 14:43:23                         <id>3</id>
十一 30 14:43:23                         <criticality><reject/></criticality>
十一 30 14:43:23                         <value>
十一 30 14:43:23                             <GlobalE2node-ID>
十一 30 14:43:23                                 <gNB>
十一 30 14:43:23                                     <global-gNB-ID>
十一 30 14:43:23                                         <plmn-id>64 96 02</plmn-id>
十一 30 14:43:23                                         <gnb-id>
十一 30 14:43:23                                             <gnb-ID>
十一 30 14:43:23                                                 00000000000000000000000000000001
十一 30 14:43:23                                             </gnb-ID>
十一 30 14:43:23                                         </gnb-id>
十一 30 14:43:23                                     </global-gNB-ID>
十一 30 14:43:23                                 </gNB>
十一 30 14:43:23                             </GlobalE2node-ID>
十一 30 14:43:23                         </value>
十一 30 14:43:23                     </E2setupRequestIEs>
十一 30 14:43:23                 </protocolIEs>
十一 30 14:43:23             </E2setupRequest>
十一 30 14:43:23         </value>
十一 30 14:43:23     </initiatingMessage>
十一 30 14:43:23 </E2AP-PDU>
十一 30 14:43:23 
十一 30 14:43:23 DEBUG   -->  E2AP : Created APER encoded buffer for E2SetupRequest
十一 30 14:43:23 010100010309064ffffff962500001
十一 30 14:43:23 msg: qlen: 0001 mlen: 0020   00-->00 region: 00
十一 30 14:43:23 dat: 00 01 00 10 00 00 01 00 03 00 09 00 64 96 02 50 ............d..P
十一 30 14:43:23      00 00 00 01                                     ....
十一 30 14:43:23      
十一 30 14:43:23 DEBUG   -->  SCTP : sending the message to ric
十一 30 14:43:23 DEBUG   -->  SCTP : Forwarding received message to duApp
十一 30 14:43:23 msg: qlen: 0001 mlen: 0073   00-->00 region: 00
十一 30 14:43:23 dat: 40 01 00 45 00 00 03 00 4e 00 02 00 01 00 52 40 @..E....N.....R@
十一 30 14:43:23      10 06 80 67 4e 42 2d 45 75 72 65 63 6f 6d 2d 43 ...gNB-Eurecom-C
十一 30 14:43:23      55 00 03 00 24 00 00 00 04 00 1e 60 64 96 02 00 U...$......`d...
十一 30 14:43:23      00 00 00 10 00 01 00 00 00 76 00 0d 00 00 09 00 .........v......
十一 30 14:43:23      40 01 00 90 00 a0 94 40 00                      @......@.
十一 30 14:43:23      
十一 30 14:43:23 INFO  -->  F1AP : Received F1AP message buffer
十一 30 14:43:23 msg: qlen: 0001 mlen: 0073   00-->00 region: 00
十一 30 14:43:23 dat: 40 01 00 45 00 00 03 00 4e 00 02 00 01 00 52 40 @..E....N.....R@
十一 30 14:43:23      10 06 80 67 4e 42 2d 45 75 72 65 63 6f 6d 2d 43 ...gNB-Eurecom-C
十一 30 14:43:23      55 00 03 00 24 00 00 00 04 00 1e 60 64 96 02 00 U...$......`d...
十一 30 14:43:23      00 00 00 10 00 01 00 00 00 76 00 0d 00 00 09 00 .........v......
十一 30 14:43:23      40 01 00 90 00 a0 94 40 00                      @......@.
十一 30 14:43:23      
十一 30 14:43:23 DEBUG   -->  F1AP : Received flat buffer to be decoded : 40104500304e020105240106ffffff80674e422d45757265636f6d2d435503024000401e6064ffffff96200001001000760d00904010ffffff900ffffffa0ffffff94400
十一 30 14:43:23 <F1AP-PDU>
十一 30 14:43:23     <successfulOutcome>
十一 30 14:43:23         <procedureCode>1</procedureCode>
十一 30 14:43:23         <criticality><reject/></criticality>
十一 30 14:43:23         <value>
十一 30 14:43:23             <F1SetupResponse>
十一 30 14:43:23                 <protocolIEs>
十一 30 14:43:23                     <F1SetupResponseIEs>
十一 30 14:43:23                         <id>78</id>
十一 30 14:43:23                         <criticality><reject/></criticality>
十一 30 14:43:23                         <value>
十一 30 14:43:23                             <TransactionID>1</TransactionID>
十一 30 14:43:23                         </value>
十一 30 14:43:23                     </F1SetupResponseIEs>
十一 30 14:43:23                     <F1SetupResponseIEs>
十一 30 14:43:23                         <id>82</id>
十一 30 14:43:23                         <criticality><ignore/></criticality>
十一 30 14:43:23                         <value>
十一 30 14:43:23                             <GNB-CU-Name>gNB-Eurecom-CU</GNB-CU-Name>
十一 30 14:43:23                         </value>
十一 30 14:43:23                     </F1SetupResponseIEs>
十一 30 14:43:23                     <F1SetupResponseIEs>
十一 30 14:43:23                         <id>3</id>
十一 30 14:43:23                         <criticality><reject/></criticality>
十一 30 14:43:23                         <value>
十一 30 14:43:23                             <Cells-to-be-Activated-List>
十一 30 14:43:23                                 <ProtocolIE-SingleContainer>
十一 30 14:43:23                                     <id>4</id>
十一 30 14:43:23                                     <criticality><reject/></criticality>
十一 30 14:43:23                                     <value>
十一 30 14:43:23                                         <Cells-to-be-Activated-List-Item>
十一 30 14:43:23                                             <nRCGI>
十一 30 14:43:23                                                 <pLMN-Identity>64 96 02</pLMN-Identity>
十一 30 14:43:23                                                 <nRCellIdentity>
十一 30 14:43:23                                                     000000000000000000000000000000000001
十一 30 14:43:23                                                 </nRCellIdentity>
十一 30 14:43:23                                             </nRCGI>
十一 30 14:43:23                                             <nRPCI>1</nRPCI>
十一 30 14:43:23                                             <iE-Extensions>
十一 30 14:43:23                                                 <Cells-to-be-Activated-List-ItemExtIEs>
十一 30 14:43:23                                                     <id>118</id>
十一 30 14:43:23                                                     <criticality><reject/></criticality>
十一 30 14:43:23                                                     <extensionValue>
十一 30 14:43:23                                                         <GNB-CUSystemInformation>
十一 30 14:43:23                                                             <sibtypetobeupdatedlist>
十一 30 14:43:23                                                                 <SibtypetobeupdatedListItem>
十一 30 14:43:23                                                                     <sIBtype>2</sIBtype>
十一 30 14:43:23                                                                     <sIBmessage>00 40 01 00 90 00 A0 94 40</sIBmessage>
十一 30 14:43:23                                                                     <valueTag>0</valueTag>
十一 30 14:43:23                                                                 </SibtypetobeupdatedListItem>
十一 30 14:43:23                                                             </sibtypetobeupdatedlist>
十一 30 14:43:23                                                         </GNB-CUSystemInformation>
十一 30 14:43:23                                                     </extensionValue>
十一 30 14:43:23                                                 </Cells-to-be-Activated-List-ItemExtIEs>
十一 30 14:43:23                                             </iE-Extensions>
十一 30 14:43:23                                         </Cells-to-be-Activated-List-Item>
十一 30 14:43:23                                     </value>
十一 30 14:43:23                                 </ProtocolIE-SingleContainer>
十一 30 14:43:23                             </Cells-to-be-Activated-List>
十一 30 14:43:23                         </value>
十一 30 14:43:23                     </F1SetupResponseIEs>
十一 30 14:43:23                 </protocolIEs>
十一 30 14:43:23             </F1SetupResponse>
十一 30 14:43:23         </value>
十一 30 14:43:23     </successfulOutcome>
十一 30 14:43:23 </F1AP-PDU>
十一 30 14:43:23 
十一 30 14:43:23 INFO   -->  F1AP : F1 Setup Response received
十一 30 14:43:23 INFO   -->  DU_APP : F1 Setup Response received
十一 30 14:43:23 INFO   -->  DU_APP : F1 Setup Response received
十一 30 14:43:23 DEBUG  -->  DU-APP : MAC CELL config sent
十一 30 14:43:23 INFO   -->  DU_APP : F1 Setup Response received
十一 30 14:43:23 NTUST --> I am here in MacProcCellCfgReq
十一 30 14:43:23 NTUST --> In MacSchCellCfgReq/SchCellCfgOpts:1
十一 30 14:43:23 DEBUG   -->  SCTP : Forwarding received message to duApp
十一 30 14:43:23 msg: qlen: 0001 mlen: 0018   00-->00 region: 00
十一 30 14:43:23 dat: 20 01 00 0e 00 00 01 00 04 00 07 00 13 41 08 00  ............A..
十一 30 14:43:23      00 10                                           ..
十一 30 14:43:23      
十一 30 14:43:23 DEBUG   -->  E2AP : Received E2AP message buffer
十一 30 14:43:23 msg: qlen: 0001 mlen: 0018   00-->00 region: 00
十一 30 14:43:23 dat: 20 01 00 0e 00 00 01 
十一 30 14:43:23 INFO  -->  SCH : Cell init completed for cellId:100 04 00 07 00 13 41 08 00  ............A..
十一 30 14:43:23      00 
十一 30 14:43:23 NTUST --> In SchHdlCellCfgReq/SchCellCfgCfmOpts:1
十一 30 14:43:23 INFO  -->  LWR_MAC [Lwr Mac Sch Info] : MacProcSchCellCfgCfm
十一 30 14:43:23 NTUST --> schCellCfgCfm->rsp == RSP_OK : sendToLowerMac()
十一 30 14:43:23 [MWNL] The VNF_ENABLE is set to YES and waiting for pthread signal ...
十一 30 14:43:23 10                                           ..
十一 30 14:43:23      
十一 30 14:43:23 DEBUG   -->  E2AP : Received flat buffer to be decoded : 2010e00104070134180010
十一 30 14:43:23 <E2AP-PDU>
十一 30 14:43:23     <successfulOutcome>
十一 30 14:43:23         <procedureCode>1</procedureCode>
十一 30 14:43:23         <criticality><reject/></criticality>
十一 30 14:43:23         <value>
十一 30 14:43:23             <E2setupResponse>
十一 30 14:43:23                 <protocolIEs>
十一 30 14:43:23                     <E2setupResponseIEs>
十一 30 14:43:23                         <id>4</id>
十一 30 14:43:23                         <criticality><reject/></criticality>
十一 30 14:43:23                         <value>
十一 30 14:43:23                             <GlobalRIC-ID>
十一 30 14:43:23                                 <pLMN-Identity>13 41 08</pLMN-Identity>
十一 30 14:43:23                                 <ric-ID>
十一 30 14:43:23                                     00000000000000000001
十一 30 14:43:23                                 </ric-ID>
十一 30 14:43:23                             </GlobalRIC-ID>
十一 30 14:43:23                         </value>
十一 30 14:43:23                     </E2setupResponseIEs>
十一 30 14:43:23                 </protocolIEs>
十一 30 14:43:23             </E2setupResponse>
十一 30 14:43:23         </value>
十一 30 14:43:23     </successfulOutcome>
十一 30 14:43:23 </E2AP-PDU>
十一 30 14:43:23 
十一 30 14:43:23 DEBUG   -->  E2AP : Store E2 setup response Params
十一 30 14:43:23 INFO   -->  E2AP : E2 Setup Response received
十一 30 14:43:23 DEBUG   -->  SCTP : Forwarding received message to duApp
十一 30 14:43:23 msg: qlen: 0001 mlen: 0039   00-->00 region: 00
十一 30 14:43:23 dat: 00 08 00 23 00 00 03 00 1d 00 05 00 00 01 00 01 ...#............
十一 30 14:43:23      00 05 00 02 00 01 00 1e 00 0d 00 03 13 41 08 00 .............A..
十一 30 14:43:23      00 13 40 03 00 00 00                            ..@....
十一 30 14:43:23      
十一 30 14:43:23 DEBUG   -->  E2AP : Received E2AP message buffer
十一 30 14:43:23 msg: qlen: 0001 mlen: 0039   00-->00 region: 00
十一 30 14:43:23 dat: 00 08 00 23 00 00 03 00 1d 00 05 00 00 01 00 01 ...#............
十一 30 14:43:23      00 05 00 02 00 01 00 1e 00 0d 00 03 13 41 08 00 .............A..
十一 30 14:43:23      00 13 40 03 00 00 00                            ..@....
十一 30 14:43:23      
十一 30 14:43:23 DEBUG   -->  E2AP : Received flat buffer to be decoded : 0802300301d050010105020101e0d03134180013403000
十一 30 14:43:23 <E2AP-PDU>
十一 30 14:43:23     <initiatingMessage>
十一 30 14:43:23         <procedureCode>8</procedureCode>
十一 30 14:43:23         <criticality><reject/></criticality>
十一 30 14:43:23         <value>
十一 30 14:43:23             <RICsubscriptionRequest>
十一 30 14:43:23                 <protocolIEs>
十一 30 14:43:23                     <RICsubscriptionRequest-IEs>
十一 30 14:43:23                         <id>29</id>
十一 30 14:43:23                         <criticality><reject/></criticality>
十一 30 14:43:23                         <value>
十一 30 14:43:23                             <RICrequestID>
十一 30 14:43:23                                 <ricRequestorID>1</ricRequestorID>
十一 30 14:43:23                                 <ricInstanceID>1</ricInstanceID>
十一 30 14:43:23                             </RICrequestID>
十一 30 14:43:23                         </value>
十一 30 14:43:23                     </RICsubscriptionRequest-IEs>
十一 30 14:43:23                     <RICsubscriptionRequest-IEs>
十一 30 14:43:23                         <id>5</id>
十一 30 14:43:23                         <criticality><reject/></criticality>
十一 30 14:43:23                         <value>
十一 30 14:43:23                             <RANfunctionID>1</RANfunctionID>
十一 30 14:43:23                         </value>
十一 30 14:43:23                     </RICsubscriptionRequest-IEs>
十一 30 14:43:23                     <RICsubscriptionRequest-IEs>
十一 30 14:43:23                         <id>30</id>
十一 30 14:43:23                         <criticality><reject/></criticality>
十一 30 14:43:23                         <value>
十一 30 14:43:23                             <RICsubscriptionDetails>
十一 30 14:43:23                                 <ricEventTriggerDefinition>13 41 08</ricEventTriggerDefinition>
十一 30 14:43:23                                 <ricAction-ToBeSetup-List>
十一 30 14:43:23                                     <ProtocolIE-SingleContainerE2>
十一 30 14:43:23                                         <id>19</id>
十一 30 14:43:23                                         <criticality><ignore/></criticality>
十一 30 14:43:23                                         <value>
十一 30 14:43:23                                             <RICaction-ToBeSetup-Item>
十一 30 14:43:23                                                 <ricActionID>0</ricActionID>
十一 30 14:43:23                                                 <ricActionType><report/></ricActionType>
十一 30 14:43:23                                             </RICaction-ToBeSetup-Item>
十一 30 14:43:23                                         </value>
十一 30 14:43:23                                     </ProtocolIE-SingleContainerE2>
十一 30 14:43:23                                 </ricAction-ToBeSetup-List>
十一 30 14:43:23                             </RICsubscriptionDetails>
十一 30 14:43:23                         </value>
十一 30 14:43:23                     </RICsubscriptionRequest-IEs>
十一 30 14:43:23                 </protocolIEs>
十一 30 14:43:23             </RICsubscriptionRequest>
十一 30 14:43:23         </value>
十一 30 14:43:23     </initiatingMessage>
十一 30 14:43:23 </E2AP-PDU>
十一 30 14:43:23 
十一 30 14:43:23 INFO   -->  E2AP : RIC Subscription request received
十一 30 14:43:23 INFO   -->  E2AP : Building RIC Subscription Response
十一 30 14:43:23 <E2AP-PDU>
十一 30 14:43:23     <successfulOutcome>
十一 30 14:43:23         <procedureCode>8</procedureCode>
十一 30 14:43:23         <criticality><reject/></criticality>
十一 30 14:43:23         <value>
十一 30 14:43:23             <RICsubscriptionResponse>
十一 30 14:43:23                 <protocolIEs>
十一 30 14:43:23                     <RICsubscriptionResponse-IEs>
十一 30 14:43:23                         <id>29</id>
十一 30 14:43:23                         <criticality><reject/></criticality>
十一 30 14:43:23                         <value>
十一 30 14:43:23                             <RICrequestID>
十一 30 14:43:23                                 <ricRequestorID>1</ricRequestorID>
十一 30 14:43:23                                 <ricInstanceID>1</ricInstanceID>
十一 30 14:43:23                             </RICrequestID>
十一 30 14:43:23                         </value>
十一 30 14:43:23                     </RICsubscriptionResponse-IEs>
十一 30 14:43:23                     <RICsubscriptionResponse-IEs>
十一 30 14:43:23                         <id>5</id>
十一 30 14:43:23                         <criticality><reject/></criticality>
十一 30 14:43:23                         <value>
十一 30 14:43:23                             <RANfunctionID>1</RANfunctionID>
十一 30 14:43:23                         </value>
十一 30 14:43:23                     </RICsubscriptionResponse-IEs>
十一 30 14:43:23                     <RICsubscriptionResponse-IEs>
十一 30 14:43:23                         <id>17</id>
十一 30 14:43:23                         <criticality><reject/></criticality>
十一 30 14:43:23                         <value>
十一 30 14:43:23                             <RICaction-Admitted-List>
十一 30 14:43:23                                 <ProtocolIE-SingleContainerE2>
十一 30 14:43:23                                     <id>14</id>
十一 30 14:43:23                                     <criticality><reject/></criticality>
十一 30 14:43:23                                     <value>
十一 30 14:43:23                                         <RICaction-Admitted-Item>
十一 30 14:43:23                                             <ricActionID>1</ricActionID>
十一 30 14:43:23                                         </RICaction-Admitted-Item>
十一 30 14:43:23                                     </value>
十一 30 14:43:23                                 </ProtocolIE-SingleContainerE2>
十一 30 14:43:23                             </RICaction-Admitted-List>
十一 30 14:43:23                         </value>
十一 30 14:43:23                     </RICsubscriptionResponse-IEs>
十一 30 14:43:23                 </protocolIEs>
十一 30 14:43:23             </RICsubscriptionResponse>
十一 30 14:43:23         </value>
十一 30 14:43:23     </successfulOutcome>
十一 30 14:43:23 </E2AP-PDU>
十一 30 14:43:23 
十一 30 14:43:23 DEBUG   -->  E2AP : Created APER encoded buffer for RIC subscription response 
十一 30 14:43:23 20801d00301d05001010502010110700e0201
十一 30 14:43:23 msg: qlen: 0001 mlen: 0033   00-->00 region: 00
十一 30 14:43:23 dat: 20 08 00 1d 00 00 03 00 1d 00 05 00 00 01 00 01  ...............
十一 30 14:43:23      00 05 00 02 00 01 00 11 00 07 00 00 0e 00 02 00 ................
十一 30 14:43:23      01                                              .
十一 30 14:43:23      
十一 30 14:43:23 DEBUG   -->  SCTP : sending the message to ric
十一 30 14:43:23 INFO   -->  E2AP : Building RIC Indication Message
十一 30 14:43:23 <E2AP-PDU>
十一 30 14:43:23     <initiatingMessage>
十一 30 14:43:23         <procedureCode>5</procedureCode>
十一 30 14:43:23         <criticality><reject/></criticality>
十一 30 14:43:23         <value>
十一 30 14:43:23             <RICindication>
十一 30 14:43:23                 <protocolIEs>
十一 30 14:43:23                     <RICindication-IEs>
十一 30 14:43:23                         <id>29</id>
十一 30 14:43:23                         <criticality><reject/></criticality>
十一 30 14:43:23                         <value>
十一 30 14:43:23                             <RICrequestID>
十一 30 14:43:23                                 <ricRequestorID>1</ricRequestorID>
十一 30 14:43:23                                 <ricInstanceID>1</ricInstanceID>
十一 30 14:43:23                             </RICrequestID>
十一 30 14:43:23                         </value>
十一 30 14:43:23                     </RICindication-IEs>
十一 30 14:43:23                     <RICindication-IEs>
十一 30 14:43:23                         <id>5</id>
十一 30 14:43:23                         <criticality><reject/></criticality>
十一 30 14:43:23                         <value>
十一 30 14:43:23                             <RANfunctionID>1</RANfunctionID>
十一 30 14:43:23                         </value>
十一 30 14:43:23                     </RICindication-IEs>
十一 30 14:43:23                     <RICindication-IEs>
十一 30 14:43:23                         <id>15</id>
十一 30 14:43:23                         <criticality><reject/></criticality>
十一 30 14:43:23                         <value>
十一 30 14:43:23                             <RICactionID>0</RICactionID>
十一 30 14:43:23                         </value>
十一 30 14:43:23                     </RICindication-IEs>
十一 30 14:43:23                     <RICindication-IEs>
十一 30 14:43:23                         <id>28</id>
十一 30 14:43:23                         <criticality><reject/></criticality>
十一 30 14:43:23                         <value>
十一 30 14:43:23                             <RICindicationType><report/></RICindicationType>
十一 30 14:43:23                         </value>
十一 30 14:43:23                     </RICindication-IEs>
十一 30 14:43:23                     <RICindication-IEs>
十一 30 14:43:23                         <id>25</id>
十一 30 14:43:23                         <criticality><reject/></criticality>
十一 30 14:43:23                         <value>
十一 30 14:43:23                             <RICindicationHeader>64 96 02</RICindicationHeader>
十一 30 14:43:23                         </value>
十一 30 14:43:23                     </RICindication-IEs>
十一 30 14:43:23                     <RICindication-IEs>
十一 30 14:43:23                         <id>26</id>
十一 30 14:43:23                         <criticality><reject/></criticality>
十一 30 14:43:23                         <value>
十一 30 14:43:23                             <RICindicationMessage>64 96 02</RICindicationMessage>
十一 30 14:43:23                         </value>
十一 30 14:43:23                     </RICindication-IEs>
十一 30 14:43:23                 </protocolIEs>
十一 30 14:43:23             </RICindication>
十一 30 14:43:23         </value>
十一 30 14:43:23     </initiatingMessage>
十一 30 14:43:23 </E2AP-PDU>
十一 30 14:43:23 
十一 30 14:43:23 DEBUG  -->  E2AP : Created APER encoded buffer for RIC Indication Message 
十一 30 14:43:23 0502c00601d05001010502010f01001c01001904364ffffff96201a04364ffffff962
十一 30 14:43:23 msg: qlen: 0001 mlen: 0048   00-->00 region: 00
十一 30 14:43:23 dat: 00 05 00 2c 00 00 06 00 1d 00 05 00 00 01 00 01 ...,............
十一 30 14:43:23      00 05 00 02 00 01 00 0f 00 01 00 00 1c 00 01 00 ................
十一 30 14:43:23      00 19 00 04 03 64 96 02 00 1a 00 04 03 64 96 02 .....d.......d..
十一 30 14:43:23      
十一 30 14:43:25 DEBUG   -->  SCTP : sending the message to ric
十一 30 14:43:25 [NFAPI VNF INTF]  ->  Accepting connection from PNF...
十一 30 14:43:25 [NFAPI VNF INTF]  ->  PNF connection (fd:9) accepted from 127.0.0.1:52156 
十一 30 14:43:25 [NFAPI VNF INTF]  ->  MALLOC nfapi_vnf_pnf_info_t for pnf_list pnf:0x7f8dac000b20
十一 30 14:43:25 [NFAPI VNF]  ->  pnf connection indication idx:0
十一 30 14:43:25 [NFAPI VNF INTF]  ->  VNF Association ID = 76
十一 30 14:43:25 [NFAPI VNF INTF]  ->  VNF Receiver window size = 106488
十一 30 14:43:25 [NFAPI VNF INTF]  ->  VNF In Streams = 5
十一 30 14:43:25 [NFAPI VNF INTF]  ->  VNF Out Streams = 5
十一 30 14:43:25 [NFAPI VNF]  ->  Func : vnf_nr_read_dispatch_message
十一 30 14:43:25 [NFAPI VNF]  ->  Received message fd:9 from 127.0.0.1:52156 assoc:76 on stream 0, PPID 704643072, length 74, flags 0x80
十一 30 14:43:25 [NFAPI VNF]  ->  Received PNF_PARAM.reponse
十一 30 14:43:25 [NFAPI VNF]  ->  pnf param response idx:0 error:0
十一 30 14:43:25 [NFAPI VNF]  ->  (PHY:0) phy_config_idx:0
十一 30 14:43:25 [NFAPI VNF]  ->  Adding phy p5_idx:0 phy_id:1
十一 30 14:43:25 [NFAPI VNF]  ->  (PHY:0) (RF0) 0
十一 30 14:43:25 [NFAPI VNF]  ->  (PHY:0) (RF1) 0
十一 30 14:43:25 NFAPI	->	DJP:Hard coded num phy rf to 2
十一 30 14:43:25 [NFAPI VNF]  ->  Func : vnf_nr_read_dispatch_message
十一 30 14:43:25 [NFAPI VNF]  ->  Received message fd:9 from 127.0.0.1:52156 assoc:76 on stream 0, PPID 704643072, length 12, flags 0x80
十一 30 14:43:25 [NFAPI VNF]  ->  Received PNF_CONFIG_RESPONSE
十一 30 14:43:25 [NFAPI VNF]  ->  pnf config response idx:0 resp[header[phy_id:0 message_id:103 message_length:12]]
十一 30 14:43:25 [NFAPI VNF]  ->  Func : vnf_nr_read_dispatch_message
十一 30 14:43:25 [NFAPI VNF]  ->  Received message fd:9 from 127.0.0.1:52156 assoc:76 on stream 0, PPID 704643072, length 12, flags 0x80
十一 30 14:43:25 [NFAPI VNF]  ->  Received PNF_START_RESPONSE
十一 30 14:43:25 [NFAPI VNF]  ->  pnf start response idx:0 config:0x5605b72620f0 user_data:0x5605b7260ca0 p7_vnf[config:0x5605b7261420 thread_started:0]
十一 30 14:43:25 [NFAPI VNF]  ->  P7 thread is running
十一 30 14:43:25 Calling sched_setscheduler(79)
十一 30 14:43:25 [NFAPI VNF]  ->  Sending NFAPI_VNF_PARAM_REQUEST phy_id:1
十一 30 14:43:25 [NFAPI VNF]  ->  Func : vnf_nr_read_dispatch_message
十一 30 14:43:25 [NFAPI VNF]  ->  Received message fd:9 from 127.0.0.1:52156 assoc:76 on stream 0, PPID 704643072, length 354, flags 0x80
十一 30 14:43:25 [NFAPI VNF]  ->  Received PARAM_RESPONSE
十一 30 14:43:25 [NFAPI VNF]  ->  PNF P7 IPv4 address: 127.0.0.2
十一 30 14:43:25 [NFAPI VNF]  ->  PNF P7 IPv6 address: ::
十一 30 14:43:25 [NFAPI VNF]  ->  PNF P7 Port: 32123
十一 30 14:43:25 [NFAPI VNF]  ->  The PNF has been running, set FALG to 0
十一 30 14:43:25 [NFAPI VNF]  ->  The PNF has been running, set FALG to 1
十一 30 14:43:25 INFO  -->  LWR_MAC : phystate :  0 in msgType : 2
十一 30 14:43:25 INFO  -->  LWR_MAC: Process Config Request Event
十一 30 14:43:25 DEBUG  -->  LWR_MAC: MIB PDU 600
十一 30 14:43:25 [NFAPI VNF]  ->  Received NFAPI_PARAM_RESP idx:0 phy_id:1
十一 30 14:43:25 [NFAPI VNF]  ->  p5_idx : 0 phy_idx : 1 pnf p7 127.0.0.2:32123 timing 30 10 0 10
十一 30 14:43:25 [NFAPI VNF]  ->  Send NFAPI_CONFIG_REQUEST
十一 30 14:43:25 [NFAPI VNF]  ->  DJP local_port:50611
十一 30 14:43:25 [NFAPI VNF]  ->  DJP local_addr:127.0.0.1
十一 30 14:43:25 NFAPI	->	[VNF]Timing window tag : 286 Timing window:30
十一 30 14:43:25 [NFAPI P5]  ->  Number of TLVs in ORAN_OAI 25
十一 30 14:43:25 [NFAPI P5]  ->  TAG 0x1001 with value 20 and length 2
十一 30 14:43:25 [NFAPI P5]  ->  TAG 0x1002 with value 2169080 and length 4
十一 30 14:43:25 [NFAPI P5]  ->  TAG 0x1004 with value 106 and length 2
十一 30 14:43:25 [NFAPI P5]  ->  TAG 0x1005 with value 1 and length 2
十一 30 14:43:25 [NFAPI P5]  ->  TAG 0x1006 with value 20 and length 2
十一 30 14:43:25 [NFAPI P5]  ->  TAG 0x1007 with value 1769080 and length 4
十一 30 14:43:25 [NFAPI P5]  ->  TAG 0x1009 with value 106 and length 2
十一 30 14:43:25 [NFAPI P5]  ->  TAG 0x100a with value 1 and length 2
十一 30 14:43:25 [NFAPI P5]  ->  TAG 0x100c with value 1 and length 2
十一 30 14:43:25 [NFAPI P5]  ->  TAG 0x100d with value 0 and length 1
十一 30 14:43:25 [NFAPI P5]  ->  TAG 0x100e with value 0 and length 4
十一 30 14:43:25 [NFAPI P5]  ->  TAG 0x1010 with value 1 and length 1
十一 30 14:43:25 [NFAPI P5]  ->  TAG 0x1012 with value 30 and length 1
十一 30 14:43:25 [NFAPI P5]  ->  TAG 0x1013 with value 0 and length 1
十一 30 14:43:25 [NFAPI P5]  ->  TAG 0x1014 with value 1 and length 1
十一 30 14:43:25 [NFAPI P5]  ->  TAG 0x1029 with value 88 and length 1
十一 30 14:43:25 [NFAPI P5]  ->  TAG 0x1015 with value 0 and length 2
十一 30 14:43:25 [NFAPI P5]  ->  TAG 0x1017 with value 0 and length 2
十一 30 14:43:25 [NFAPI P5]  ->  TAG 0x1018 with value 4 and length 1
十一 30 14:43:25 [NFAPI P5]  ->  TAG 0x101b with value 1 and length 1
十一 30 14:43:25 [NFAPI P5]  ->  TAG 0x101d with value 24 and length 2
十一 30 14:43:25 [NFAPI P5]  ->  TAG 0x101f with value 2 and length 1
十一 30 14:43:25 [NFAPI P5]  ->  TAG 0x1020 with value 0 and length 1
十一 30 14:43:25 [NFAPI P5]  ->  TAG 0x1021 with value 1536 and length 4
十一 30 14:43:25 [NFAPI P5]  ->  TAG 0x1022 with value 1 and length 4
十一 30 14:43:25 [NFAPI VNF]  ->  Sent NFAPI_VNF_CONFIG_REQ
十一 30 14:43:25 NTUST --> MacSchCellCfgReq result != ROK:0
十一 30 14:43:25 [NFAPI VNF]  ->  vnf_nr_p7_start_thread()
十一 30 14:43:25 [NFAPI P7] ->  Initialising VNF P7 port:50611
十一 30 14:43:25 [NFAPI P7] ->  VNF P7 socket created...
十一 30 14:43:25 [NFAPI P7] ->  VNF P7 setsockopt succeeded...
十一 30 14:43:25 [NFAPI P7] ->  VNF P7 binding too 0.0.0.0:50611
十一 30 14:43:25 [NFAPI P7] ->  VNF P7 bind succeeded...
十一 30 14:43:25 
十一 30 14:43:25  NTUST -> This is the slot_ind 0 
十一 30 14:43:25 [NFAPI VNF]  ->  Func : vnf_nr_read_dispatch_message
十一 30 14:43:25 [NFAPI VNF]  ->  Received message fd:9 from 127.0.0.1:52156 assoc:76 on stream 0, PPID 704643072, length 9, flags 0x80
十一 30 14:43:25 [NFAPI VNF]  ->  Received CONFIG_RESPONSE
十一 30 14:43:25 INFO  -->  LWR_MAC : phystate :  0 in msgType : 3
十一 30 14:43:25 INFO  -->  LWR_MAC: Received EVENT[3] at STATE[0]
十一 30 14:43:25  I am here lwr_mac_procConfigRspEvt()
十一 30 14:43:25 DEBUG  -->  LWR_MAC: PHY has moved to Configured state 
十一 30 14:43:25 
十一 30 14:43:25 NTUST --> I am here in fapiMacConfigRsp Cell id: 1
十一 30 14:43:25 NTUST --> I am here in MacSendCellCfgCfm
十一 30 14:43:25 [NFAPI VNF]  ->  Received NFAPI_CONFIG_RESP idx:0 phy_id:1
十一 30 14:43:25 [NFAPI VNF]  ->  Calling oai_enb_init()
十一 30 14:43:25  NTUST  --> In duActvTsk:ENTMAC - duHandleMacCellCfgCfm()
十一 30 14:43:25 NTUST --> In unpackMacCellCfgCfm
十一 30 14:43:25 NTUST --> I am here duHandleMacCellCfgCfm()
十一 30 14:43:25  NTUST  --> I am here BuildAndSendDUConfigUpdate
十一 30 14:43:25 INFO   -->  F1AP : Building DU config update
十一 30 14:43:25 <F1AP-PDU>
十一 30 14:43:25     <initiatingMessage>
十一 30 14:43:25         <procedureCode>3</procedureCode>
十一 30 14:43:25         <criticality><reject/></criticality>
十一 30 14:43:25         <value>
十一 30 14:43:25             <GNBDUConfigurationUpdate>
十一 30 14:43:25                 <protocolIEs>
十一 30 14:43:25                     <GNBDUConfigurationUpdateIEs>
十一 30 14:43:25                         <id>78</id>
十一 30 14:43:25                         <criticality><reject/></criticality>
十一 30 14:43:25                         <value>
十一 30 14:43:25                             <TransactionID>1</TransactionID>
十一 30 14:43:25                         </value>
十一 30 14:43:25                     </GNBDUConfigurationUpdateIEs>
十一 30 14:43:25                     <GNBDUConfigurationUpdateIEs>
十一 30 14:43:25                         <id>62</id>
十一 30 14:43:25                         <criticality><reject/></criticality>
十一 30 14:43:25                         <value>
十一 30 14:43:25                             <Served-Cells-To-Modify-List>
十一 30 14:43:25                                 <ProtocolIE-SingleContainer>
十一 30 14:43:25                                     <id>61</id>
十一 30 14:43:25                                     <criticality><reject/></criticality>
十一 30 14:43:25                                     <value>
十一 30 14:43:25                                         <Served-Cells-To-Modify-Item>
十一 30 14:43:25                                             <oldNRCGI>
十一 30 14:43:25                                                 <pLMN-Identity>64 96 02</pLMN-Identity>
十一 30 14:43:25                                                 <nRCellIdentity>
十一 30 14:43:25                                                     000000000000000000000000000000000001
十一 30 14:43:25                                                 </nRCellIdentity>
十一 30 14:43:25                                             </oldNRCGI>
十一 30 14:43:25                                             <served-Cell-Information>
十一 30 14:43:25                                                 <nRCGI>
十一 30 14:43:25                                                     <pLMN-Identity>64 96 02</pLMN-Identity>
十一 30 14:43:25                                                     <nRCellIdentity>
十一 30 14:43:25                                                         000000000000000000000000000000000001
十一 30 14:43:25                                                     </nRCellIdentity>
十一 30 14:43:25                                                 </nRCGI>
十一 30 14:43:25                                                 <nRPCI>1</nRPCI>
十一 30 14:43:25                                                 <servedPLMNs>
十一 30 14:43:25 [NFAPI VNF]  ->  Func : vnf_nr_read_dispatch_message
十一 30 14:43:25 [NFAPI VNF]  ->  Received message fd:9 from 127.0.0.1:52156 assoc:76 on stream 0, PPID 704643072, length 12, flags 0x80
十一 30 14:43:25 [NFAPI VNF]  ->  NR Received START_RESPONSE
十一 30 14:43:25 [NFAPI VNF]  ->  Received NFAPI_START_RESP idx:0 phy_id:1nfapi_vnf_p7_add_pnf(config:0x5605b7261420 phy_id:1 pnf_addr:127.0.0.2 pnf_p7_port:32123)
十一 30 14:43:25 
十一 30 14:43:25                                                     <ServedPLMNs-Item>
十一 30 14:43:25                                                         <pLMN-Identity>64 96 02</pLMN-Identity>
十一 30 14:43:25                                                         <iE-Extensions>
十一 30 14:43:25                                                             <ServedPLMNs-ItemExtIEs>
十一 30 14:43:25                                                                 <id>131</id>
十一 30 14:43:25                                                                 <criticality><ignore/></criticality>
十一 30 14:43:25                                                                 <extensionValue>
十一 30 14:43:25                                                                     <SliceSupportList>
十一 30 14:43:25                                                                         <SliceSupportItem>
十一 30 14:43:25                                                                             <sNSSAI>
十一 30 14:43:25                                                                                 <sST>01</sST>
十一 30 14:43:25                                                                                 <sD>02 03 04</sD>
十一 30 14:43:25                                                                             </sNSSAI>
十一 30 14:43:25                                                                         </SliceSupportItem>
十一 30 14:43:25                                                                         <SliceSupportItem>
十一 30 14:43:25                                                                             <sNSSAI>
十一 30 14:43:25                                                                                 <sST>05</sST>
十一 30 14:43:25                                                                                 <sD>06 07 08</sD>
十一 30 14:43:25                                                                             </sNSSAI>
十一 30 14:43:25                                                                         </SliceSupportItem>
十一 30 14:43:25                                                                     </SliceSupportList>
十一 30 14:43:25                                                                 </extensionValue>
十一 30 14:43:25                                                             </ServedPLMNs-ItemExtIEs>
十一 30 14:43:25                                                         </iE-Extensions>
十一 30 14:43:25                                                     </ServedPLMNs-Item>
十一 30 14:43:25                                                 </servedPLMNs>
十一 30 14:43:25                                                 <nR-Mode-Info>
十一 30 14:43:25                                                     <fDD>
十一 30 14:43:25                                                         <uL-NRFreqInfo>
十一 30 14:43:25                                                             <nRARFCN>350000</nRARFCN>
十一 30 14:43:25                                                             <freqBandListNr>
十一 30 14:43:25                                                                 <FreqBandNrItem>
十一 30 14:43:25                                                                     <freqBandIndicatorNr>66</freqBandIndicatorNr>
十一 30 14:43:25                                                                     <supportedSULBandList>
十一 30 14:43:25                                                                     </supportedSULBandList>
十一 30 14:43:25                                                                 </FreqBandNrItem>
十一 30 14:43:25                                                             </freqBandListNr>
十一 30 14:43:25                                                         </uL-NRFreqInfo>
十一 30 14:43:25                                                         <dL-NRFreqInfo>
十一 30 14:43:25                                                             <nRARFCN>430000</nRARFCN>
十一 30 14:43:25                                                             <freqBandListNr>
十一 30 14:43:25                                                                 <FreqBandNrItem>
十一 30 14:43:25                                                                     <freqBandIndicatorNr>66</freqBandIndicatorNr>
十一 30 14:43:25                                                                     <supportedSULBandList>
十一 30 14:43:25                                                                     </supportedSULBandList>
十一 30 14:43:25                                                                 </FreqBandNrItem>
十一 30 14:43:25                                                             </freqBandListNr>
十一 30 14:43:25                                                         </dL-NRFreqInfo>
十一 30 14:43:25                                                         <uL-Transmission-Bandwidth>
十一 30 14:43:25                                                             <nRSCS><scs60/></nRSCS>
十一 30 14:43:25                                                             <nRNRB><nrb106/></nRNRB>
十一 30 14:43:25                                                         </uL-Transmission-Bandwidth>
十一 30 14:43:25                                                         <dL-Transmission-Bandwidth>
十一 30 14:43:25                                                             <nRSCS><scs60/></nRSCS>
十一 30 14:43:25                                                             <nRNRB><nrb106/></nRNRB>
十一 30 14:43:25                                                         </dL-Transmission-Bandwidth>
十一 30 14:43:25                                                     </fDD>
十一 30 14:43:25                                                 </nR-Mode-Info>
十一 30 14:43:25                                                 <measurementTimingConfiguration>00</measurementTimingConfiguration>
十一 30 14:43:25                                             </served-Cell-Information>
十一 30 14:43:25                                         </Served-Cells-To-Modify-Item>
十一 30 14:43:25                                     </value>
十一 30 14:43:25                                 </ProtocolIE-SingleContainer>
十一 30 14:43:25                             </Served-Cells-To-Modify-List>
十一 30 14:43:25                         </value>
十一 30 14:43:25                     </GNBDUConfigurationUpdateIEs>
十一 30 14:43:25                     <GNBDUConfigurationUpdateIEs>
十一 30 14:43:25                         <id>42</id>
十一 30 14:43:25                         <criticality><reject/></criticality>
十一 30 14:43:25                         <value>
十一 30 14:43:25                             <GNB-DU-ID>1</GNB-DU-ID>
十一 30 14:43:25                         </value>
十一 30 14:43:25                     </GNBDUConfigurationUpdateIEs>
十一 30 14:43:25                 </protocolIEs>
十一 30 14:43:25             </GNBDUConfigurationUpdate>
十一 30 14:43:25         </value>
十一 30 14:43:25     </initiatingMessage>
十一 30 14:43:25 </F1AP-PDU>
十一 30 14:43:25 
十一 30 14:43:25 DEBUG   -->  F1AP : Created APER encoded buffer for DUConfigUpdate
十一 30 14:43:25 0305900304e020103e0460003d040064ffffff962000010064ffffff96200001001864ffffff962000ffffff8340c01402023440ffffffa0678105573000410406ffffff8fffffffb000410478ffffffe01002a0201
十一 30 14:43:25 msg: qlen: 0001 mlen: 0093   00-->00 region: 00
十一 30 14:43:25 dat: 00 03 00 59 00 00 03 00 4e 00 02 00 01 00 3e 00 ...Y....N.....>.
十一 30 14:43:25      46 00 00 00 3d 00 40 00 64 96 02 00 00 00 00 10 F...=.@.d.......
十一 30 14:43:25      00 64 96 02 00 00 00 00 10 00 01 08 64 96 02 00 .d..........d...
十一 30 14:43:25      00 00 83 40 0c 00 01 40 20 02 03 04 40 a0 06 07 ...@...@ ...@...
十一 30 14:43:25      08 01 00 05 57 30 00 00 41 00 40 06 8f b0 00 00 ....W0..A.@.....
十一 30 14:43:25      41 00 47 08 e0 01 00 00 2a 00 02 00 01          A.G.....*....
十一 30 14:43:25      
十一 30 14:43:25 DEBUG   -->  SCTP : sending the message to CU
十一 30 14:43:25 INFO   -->  DU APP : Building and Sending cell start request to MAC
十一 30 14:43:25 INFO  -->  MAC : Handling cell start request
十一 30 14:43:25 INFO  -->  LWR_MAC : phystate :  1 in msgType : 4
十一 30 14:43:25 DEBUG   -->  SCTP : Forwarding received message to duApp
十一 30 14:43:25 msg: qlen: 0001 mlen: 0013   00-->00 region: 00
十一 30 14:43:25 dat: 40 03 00 09 00 00 01 00 4e 00 02 00 01          @.......N....
十一 30 14:43:25      
十一 30 14:43:25 INFO  -->  F1AP : Received F1AP message buffer
十一 30 14:43:25 msg: qlen: 0001 mlen: 0013   00-->00 region: 00
十一 30 14:43:25 dat: 40 03 00 09 00 00 01 00 4e 00 02 00 01          @.......N....
十一 30 14:43:25      
十一 30 14:43:25 DEBUG   -->  F1AP : Received flat buffer to be decoded : 4030900104e0201
十一 30 14:43:25 <F1AP-PDU>
十一 30 14:43:25     <successfulOutcome>
十一 30 14:43:25         <procedureCode>3</procedureCode>
十一 30 14:43:25         <criticality><reject/></criticality>
十一 30 14:43:25         <value>
十一 30 14:43:25             <GNBDUConfigurationUpdateAcknowledge>
十一 30 14:43:25                 <protocolIEs>
十一 30 14:43:25                     <GNBDUConfigurationUpdateAcknowledgeIEs>
十一 30 14:43:25                         <id>78</id>
十一 30 14:43:25                         <criticality><reject/></criticality>
十一 30 14:43:25                         <value>
十一 30 14:43:25                             <TransactionID>1</TransactionID>
十一 30 14:43:25                         </value>
十一 30 14:43:25                     </GNBDUConfigurationUpdateAcknowledgeIEs>
十一 30 14:43:25                 </protocolIEs>
十一 30 14:43:25             </GNBDUConfigurationUpdateAcknowledge>
十一 30 14:43:25         </value>
十一 30 14:43:25     </successfulOutcome>
十一 30 14:43:25 </F1AP-PDU>
十一 30 14:43:25 
十一 30 14:43:25 INFO   -->  F1AP : GNB-DU config update acknowledgment
十一 30 14:43:25 INFO   -->  DU APP: GNB-DU config update Ack received 
十一 30 14:43:25 [NFAPI VNF INTF]  ->  Accepting connection from PNF...
十一 30 14:43:25 [NFAPI VNF INTF]  ->  PNF connection (fd:11) accepted from 127.0.0.1:55387 
十一 30 14:43:25 [NFAPI VNF INTF]  ->  MALLOC nfapi_vnf_pnf_info_t for pnf_list pnf:0x7f8dac0011b0
十一 30 14:43:25 [NFAPI VNF]  ->  pnf connection indication idx:1
十一 30 14:43:25 [NFAPI VNF INTF]  ->  VNF Association ID = 78
十一 30 14:43:25 [NFAPI VNF INTF]  ->  VNF Receiver window size = 106488
十一 30 14:43:25 [NFAPI VNF INTF]  ->  VNF In Streams = 5
十一 30 14:43:25 [NFAPI VNF INTF]  ->  VNF Out Streams = 5
十一 30 14:43:25 [NFAPI VNF]  ->  Func : vnf_nr_read_dispatch_message
十一 30 14:43:25 [NFAPI VNF]  ->  Received message fd:11 from 127.0.0.1:55387 assoc:78 on stream 0, PPID 704643072, length 74, flags 0x80
十一 30 14:43:25 [NFAPI VNF]  ->  Received PNF_PARAM.reponse
十一 30 14:43:25 [NFAPI VNF]  ->  pnf param response idx:1 error:0
十一 30 14:43:25 [NFAPI VNF]  ->  (PHY:0) phy_config_idx:0
十一 30 14:43:25 [NFAPI VNF]  ->  Adding phy p5_idx:1 phy_id:2
十一 30 14:43:25 [NFAPI VNF]  ->  (PHY:0) (RF0) 0
十一 30 14:43:25 [NFAPI VNF]  ->  (PHY:0) (RF1) 0
十一 30 14:43:25 NFAPI	->	DJP:Hard coded num phy rf to 2
十一 30 14:43:25 [NFAPI VNF]  ->  Func : vnf_nr_read_dispatch_message
十一 30 14:43:25 [NFAPI VNF]  ->  Received message fd:11 from 127.0.0.1:55387 assoc:78 on stream 0, PPID 704643072, length 12, flags 0x80
十一 30 14:43:25 [NFAPI VNF]  ->  Received PNF_CONFIG_RESPONSE
十一 30 14:43:25 [NFAPI VNF]  ->  pnf config response idx:1 resp[header[phy_id:0 message_id:103 message_length:12]]
十一 30 14:43:25 [NFAPI VNF]  ->  Func : vnf_nr_read_dispatch_message
十一 30 14:43:25 [NFAPI VNF]  ->  Received message fd:11 from 127.0.0.1:55387 assoc:78 on stream 0, PPID 704643072, length 12, flags 0x80
十一 30 14:43:25 [NFAPI VNF]  ->  Received PNF_START_RESPONSE
十一 30 14:43:25 [NFAPI VNF]  ->  pnf start response idx:1 config:0x5605b72620f0 user_data:0x5605b7260ca0 p7_vnf[config:0x5605b7261420 thread_started:1]
十一 30 14:43:25 [NFAPI VNF]  ->  P7 thread has been running
十一 30 14:43:25 [NFAPI VNF]  ->  Sending NFAPI_VNF_PARAM_REQUEST phy_id:2
十一 30 14:43:25 [NFAPI VNF]  ->  Func : vnf_nr_read_dispatch_message
十一 30 14:43:25 [NFAPI VNF]  ->  Received message fd:11 from 127.0.0.1:55387 assoc:78 on stream 0, PPID 704643072, length 354, flags 0x80
十一 30 14:43:25 [NFAPI VNF]  ->  Received PARAM_RESPONSE
十一 30 14:43:25 [NFAPI VNF]  ->  PNF P7 IPv4 address: 127.0.0.2
十一 30 14:43:25 [NFAPI VNF]  ->  PNF P7 IPv6 address: ::
十一 30 14:43:32 [NFAPI VNF]  ->  PNF P7 Port: 32123
十一 30 14:43:32 NTSUT -> selectRetval: 1
十一 30 14:43:32  NTUST -> pselect have a p7 message[MWNL] vnf_handle_nr_slot_indication
十一 30 14:43:32 VNF SFN/Slot 0.6 
十一 30 14:43:32 
十一 30 14:43:32  NTUST -> This is the slot_ind -1610609840 [MWNL]  ->  The slot_ind sfn : 0, slot : 6
十一 30 14:43:32 [NFAPI_TRACE_DEBUG]  UL_INFO.frame = 0 and slot 6, prev_slot = 0, setup_time = 7
十一 30 14:43:32 [MWNL] ORAN_OAI_procSlotInd
十一 30 14:43:32 
十一 30 14:43:32 INFO  -->  LWR_MAC: PHY has moved to running stateMWNL  -->  MAC : Slot Indication received. [0 : 0]
十一 30 14:43:32 
十一 30 14:43:32 DEBUG  -->  LWR_MAC : No PDU in RACH.indication at [0, 0]
十一 30 14:43:32 DEBUG  -->  LWR_MAC: Processing UCI Indication
十一 30 14:43:32 DEBUG  -->  LWR_MAC : No PDU in RX_Data.indication at [0, 0]
十一 30 14:43:32 DEBUG  --> LWR_MAC : No CRC PDUs in CRC.indication at [0, 0]
十一 30 14:43:32 NTUST  -->  MAC : [ cellid: 1 ] Slot Indication received. [0 : 6]
十一 30 14:43:32 MAC to sch
十一 30 14:43:32 [MWNL] sendSlotIndMacToSch
十一 30 14:43:32 [MWNL] macProcSlotInd
十一 30 14:43:32 [MWNL] ORAN_OAI_fillDlTtiReq
十一 30 14:43:32 [MWNL]  ->  The current Timing Info : sfn : 0, slot : 8
十一 30 14:43:32 [MWNL]  ->  The DL TTI Timing Info : sfn : 0, slot : 9
十一 30 14:43:32 [MWNL] ORAN_OAI_fillUlTtiReq
十一 30 14:43:32 [MWNL] ORAN_OAI_fillUlDciReq
十一 30 14:43:32 [MWNL] ORAN_OAI_sendTxDataReq
十一 30 14:43:32 [MWNL] nfapi_vnf_p7_nr_dl_config_req
十一 30 14:43:32 P7 is about to send msg
十一 30 14:43:32 P7 msg sent with result 27
十一 30 14:43:32 
十一 30 14:43:32 INFO   -->  DU APP : 5G-NR Cell 1 is UP
十一 30 14:43:32 DEBUG  -->  DU_APP : Sending Slice Cfg Request to MAC 
十一 30 14:43:32 INFO  -->  MAC : Received Slice Cfg request from DU APP
十一 30 14:43:32 INFO  -->  SCH : Received Slice Cfg request from MAC
十一 30 14:43:32 INFO  -->  DU_APP : Slice Configuration is done sucessfully 
十一 30 14:43:32 NTSUT -> selectRetval: 1
十一 30 14:43:32  NTUST -> pselect have a p7 message[MWNL] vnf_handle_nr_slot_indication
十一 30 14:43:32 VNF SFN/Slot 0.7 
十一 30 14:43:32 
十一 30 14:43:32  NTUST -> This is the slot_ind -1610609024 [MWNL]  ->  The slot_ind sfn : 0, slot : 7
十一 30 14:43:32 [NFAPI_TRACE_DEBUG]  UL_INFO.frame = 0 and slot 7, prev_slot = 6, setup_time = 7
十一 30 14:43:32 [MWNL] ORAN_OAI_procSlotInd
十一 30 14:43:32 MWNL  -->  MAC : Slot Indication received. [0 : 0]
十一 30 14:43:32 
十一 30 14:43:32 DEBUG  -->  LWR_MAC : No PDU in RACH.indication at [0, 0]
十一 30 14:43:32 DEBUG  -->  LWR_MAC: Processing UCI Indication
十一 30 14:43:32 DEBUG  -->  LWR_MAC : No PDU in RX_Data.indication at [0, 0]
十一 30 14:43:32 DEBUG  --> LWR_MAC : No CRC PDUs in CRC.indication at [0, 0]
十一 30 14:43:32 NTUST  -->  MAC : [ cellid: 1 ] Slot Indication received. [0 : 7]
十一 30 14:43:32 MAC to sch
十一 30 14:43:32 [MWNL] sendSlotIndMacToSch
十一 30 14:43:32 [MWNL] macProcSlotInd
十一 30 14:43:32 [MWNL] ORAN_OAI_fillDlTtiReq
十一 30 14:43:32 [MWNL]  ->  The current Timing Info : sfn : 0, slot : 9
十一 30 14:43:32 [MWNL]  ->  The DL TTI Timing Info : sfn : 1, slot : 0
十一 30 14:43:32 [MWNL] ORAN_OAI_fillUlTtiReq
十一 30 14:43:32 [MWNL] ORAN_OAI_fillUlDciReq
十一 30 14:43:32 [MWNL] ORAN_OAI_sendTxDataReq
十一 30 14:43:32 [MWNL] nfapi_vnf_p7_nr_dl_config_req
十一 30 14:43:32 P7 is about to send msg
十一 30 14:43:32 P7 msg sent with result 27
十一 30 14:45:12 
十一 30 14:45:12 NTSUT -> selectRetval: 0
十一 30 14:45:12  NTUST -> pselect timed out, continue here
十一 30 14:46:39  NTUST -> This is the slot_ind 0 
十一 30 14:46:39 ERROR  --> CM: cmDynAlloc(): nextBktPtr is null
十一 30 14:46:39 
十一 30 14:46:39 date: 11/30/2023 time: 14:46:39
十一 30 14:46:39 
十一 30 14:46:39 mtss(posix): sw error:  ent: 001  inst: 000  proc id: 000 
十一 30 14:46:39 file: /home/gnb/OAIOSC/OSC_L2/src/mt/ss_msg.c line: 479 errcode: 00058 errcls: ERRCLS_DEBUG
十一 30 14:46:39 errval: 00000  errdesc: SGetMsg:Failed in SAlloc
十一 30 14:46:39 
十一 30 14:46:39 ERROR  --> CM: cmDynAlloc(): nextBktPtr is null
十一 30 14:46:39 
十一 30 14:46:39 date: 11/30/2023 time: 14:46:39
十一 30 14:46:39 
十一 30 14:46:39 mtss(posix): sw error:  ent: 001  inst: 000  proc id: 000 
十一 30 14:46:39 file: /home/gnb/OAIOSC/OSC_L2/src/mt/ss_msg.c line: 479 errcode: 00058 errcls: ERRCLS_DEBUG
十一 30 14:46:39 errval: 00000  errdesc: SGetMsg:Failed in SAlloc
十一 30 14:46:39 
十一 30 14:46:39 ERROR  --> CM: cmDynAlloc(): nextBktPtr is null
十一 30 14:46:39 
十一 30 14:46:39 date: 11/30/2023 time: 14:46:39
十一 30 14:46:39 
十一 30 14:46:39 mtss(posix): sw error:  ent: 001  inst: 000  proc id: 000 
十一 30 14:46:39 file: /home/gnb/OAIOSC/OSC_L2/src/mt/ss_msg.c line: 479 errcode: 00058 errcls: ERRCLS_DEBUG
十一 30 14:46:39 errval: 00000  errdesc: SGetMsg:Failed in SAlloc
十一 30 14:46:52 
十一 30 14:46:52 NTSUT -> selectRetval: 0
十一 30 14:46:52  NTUST -> pselect timed out, continue here
十一 30 14:48:32  NTUST -> This is the slot_ind 0 
十一 30 14:48:32 NTSUT -> selectRetval: 0
十一 30 14:48:32  NTUST -> pselect timed out, continue here
十一 30 14:50:12  NTUST -> This is the slot_ind 0 
十一 30 14:50:12 NTSUT -> selectRetval: 0
十一 30 14:50:12  NTUST -> pselect timed out, continue here
十一 30 14:51:52  NTUST -> This is the slot_ind 0 
十一 30 14:51:52 NTSUT -> selectRetval: 0
十一 30 14:51:52  NTUST -> pselect timed out, continue here
十一 30 14:53:32  NTUST -> This is the slot_ind 0 
十一 30 14:53:32 NTSUT -> selectRetval: 0
十一 30 14:53:32  NTUST -> pselect timed out, continue here
十一 30 14:55:12  NTUST -> This is the slot_ind 0 
十一 30 14:55:12 NTSUT -> selectRetval: 0
十一 30 14:55:12  NTUST -> pselect timed out, continue here
十一 30 14:56:52  NTUST -> This is the slot_ind 0 
十一 30 14:56:52 NTSUT -> selectRetval: 0
十一 30 14:56:52  NTUST -> pselect timed out, continue here
十一 30 14:58:32  NTUST -> This is the slot_ind 0 
十一 30 14:58:32 NTSUT -> selectRetval: 0
十一 30 14:58:32  NTUST -> pselect timed out, continue here
十一 30 15:00:12  NTUST -> This is the slot_ind 0 
十一 30 15:00:12 NTSUT -> selectRetval: 0
十一 30 15:00:12  NTUST -> pselect timed out, continue here
十一 30 15:01:52  NTUST -> This is the slot_ind 0 
十一 30 15:01:52 NTSUT -> selectRetval: 0
十一 30 15:01:52  NTUST -> pselect timed out, continue here
十一 30 15:03:32  NTUST -> This is the slot_ind 0 
十一 30 15:03:32 NTSUT -> selectRetval: 0
十一 30 15:03:32  NTUST -> pselect timed out, continue here
