十二 26 17:13:02 CMDLINE: "./nr-softmodem" "-O" "../../../targets/PROJECTS/GENERIC-LTE-EPC/CONF/rcc.band78.tm1.106PRB.nfapi.conf" "--nfapi" "VNF" "--sa" 
十二 26 17:13:02 [CONFIG] get parameters from libconfig ../../../targets/PROJECTS/GENERIC-LTE-EPC/CONF/rcc.band78.tm1.106PRB.nfapi.conf [LIBCONFIG] Path for include directive set to: ../../../targets/PROJECTS/GENERIC-LTE-EPC/CONF
十二 26 17:13:02 [CONFIG] function config_libconfig_init returned 0
十二 26 17:13:02 [CONFIG] config module libconfig loaded
十二 26 17:13:02 [LIBCONFIG] config: 2/2 parameters successfully set, (2 to default value)
十二 26 17:13:02 [CONFIG] debug flags: 0x00000000
十二 26 17:13:02 [LIBCONFIG] log_config: 3/3 parameters successfully set, (1 to default value)
十二 26 17:13:02 [LIBCONFIG] log_config: 53/53 parameters successfully set, (47 to default value)
十二 26 17:13:02 [LIBCONFIG] log_config: 53/53 parameters successfully set, (53 to default value)
十二 26 17:13:02 [LIBCONFIG] log_config: 16/16 parameters successfully set, (16 to default value)
十二 26 17:13:02 [LIBCONFIG] log_config: 16/16 parameters successfully set, (16 to default value)
十二 26 17:13:02 log init done
十二 26 17:13:02 [HW]   # /dev/cpu_dma_latency set to 2 us
十二 26 17:13:02 [0mReading in command-line options
十二 26 17:13:02 [LIBCONFIG] (root): 41/41 parameters successfully set, (38 to default value)
十二 26 17:13:02 [LIBCONFIG] (root): 6/6 parameters successfully set, (5 to default value)
十二 26 17:13:02 [ENB_APP]   nfapi running mode: VNF
十二 26 17:13:02 [0m[GNB_APP]   Getting GNBSParams
十二 26 17:13:02 [0m[LIBCONFIG] (root): 2/2 parameters successfully set, (0 to default value)
十二 26 17:13:02 [LIBCONFIG] list L1s not found in config file ../../../targets/PROJECTS/GENERIC-LTE-EPC/CONF/rcc.band78.tm1.106PRB.nfapi.conf 
十二 26 17:13:02 [LIBCONFIG] list RUs not found in config file ../../../targets/PROJECTS/GENERIC-LTE-EPC/CONF/rcc.band78.tm1.106PRB.nfapi.conf 
十二 26 17:13:02 [LIBCONFIG] THREAD_STRUCT.[0]: 2/2 parameters successfully set, (0 to default value)
十二 26 17:13:02 [LIBCONFIG] THREAD_STRUCT.[0]: 2/2 parameters successfully set, (0 to default value)
十二 26 17:13:02 [CONFIG] parallel_conf is set to 2
十二 26 17:13:02 [CONFIG] worker_conf is set to 1
十二 26 17:13:02 Configuration: nb_rrc_inst 1, nb_nr_L1_inst 0, nb_ru 0
十二 26 17:13:02 [LIBCONFIG] TTracer: 3/3 parameters successfully set, (3 to default value)
十二 26 17:13:02 configuring for RAU/RRU
十二 26 17:13:03 [ITTI]   Starting itti queue: TASK_UNKNOWN as task 0
十二 26 17:13:03 [0m[ITTI]   Starting itti queue: TASK_TIMER as task 1
十二 26 17:13:03 [0m[ITTI]   Starting itti queue: TASK_L2L1 as task 2
十二 26 17:13:03 [0m[ITTI]   Starting itti queue: TASK_BM as task 3
十二 26 17:13:03 [0m[ITTI]   Starting itti queue: TASK_PHY_ENB as task 4
十二 26 17:13:03 [0m[ITTI]   Starting itti queue: TASK_MAC_GNB as task 5
十二 26 17:13:03 [0m[ITTI]   Starting itti queue: TASK_RLC_ENB as task 6
十二 26 17:13:03 [0m[ITTI]   Starting itti queue: TASK_RRC_ENB_NB_IoT as task 7
十二 26 17:13:03 [0m[ITTI]   Starting itti queue: TASK_PDCP_ENB as task 8
十二 26 17:13:03 [0m[ITTI]   Starting itti queue: TASK_PDCP_GNB as task 9
十二 26 17:13:03 [0m[ITTI]   Starting itti queue: TASK_DATA_FORWARDING as task 10
十二 26 17:13:03 [0m[ITTI]   Starting itti queue: TASK_END_MARKER as task 11
十二 26 17:13:03 [0m[ITTI]   Starting itti queue: TASK_RRC_ENB as task 12
十二 26 17:13:03 [0m[ITTI]   Starting itti queue: TASK_RRC_GNB as task 13
十二 26 17:13:03 [0m[ITTI]   Starting itti queue: TASK_RAL_ENB as task 14
十二 26 17:13:03 [0m[ITTI]   Starting itti queue: TASK_S1AP as task 15
十二 26 17:13:03 [0m[ITTI]   Starting itti queue: TASK_NGAP as task 16
十二 26 17:13:03 [0m[ITTI]   Starting itti queue: TASK_X2AP as task 17
十二 26 17:13:03 [0m[ITTI]   Starting itti queue: TASK_M2AP_ENB as task 18
十二 26 17:13:03 [0m[ITTI]   Starting itti queue: TASK_M2AP_MCE as task 19
十二 26 17:13:03 [0m[ITTI]   Starting itti queue: TASK_M3AP as task 20
十二 26 17:13:03 [0m[ITTI]   Starting itti queue: TASK_M3AP_MME as task 21
十二 26 17:13:03 [0m[ITTI]   Starting itti queue: TASK_M3AP_MCE as task 22
十二 26 17:13:03 [0m[ITTI]   Starting itti queue: TASK_SCTP as task 23
十二 26 17:13:03 [0m[ITTI]   Starting itti queue: TASK_ENB_APP as task 24
十二 26 17:13:03 [0m[ITTI]   Starting itti queue: TASK_GNB_APP as task 25
十二 26 17:13:03 [0m[ITTI]   Starting itti queue: TASK_MCE_APP as task 26
十二 26 17:13:03 [0m[ITTI]   Starting itti queue: TASK_MME_APP as task 27
十二 26 17:13:03 [0m[ITTI]   Starting itti queue: TASK_PHY_UE as task 28
十二 26 17:13:03 [0m[ITTI]   Starting itti queue: TASK_MAC_UE as task 29
十二 26 17:13:03 [0m[ITTI]   Starting itti queue: TASK_RLC_UE as task 30
十二 26 17:13:03 [0m[ITTI]   Starting itti queue: TASK_PDCP_UE as task 31
十二 26 17:13:03 [0m[ITTI]   Starting itti queue: TASK_RRC_UE as task 32
十二 26 17:13:03 [0m[ITTI]   Starting itti queue: TASK_RRC_NRUE as task 33
十二 26 17:13:03 [0m[ITTI]   Starting itti queue: TASK_NAS_UE as task 34
十二 26 17:13:03 [0m[ITTI]   Starting itti queue: TASK_RAL_UE as task 35
十二 26 17:13:03 [0m[ITTI]   Starting itti queue: TASK_GTPV1_U as task 36
十二 26 17:13:03 [0m[ITTI]   Starting itti queue: TASK_CU_F1 as task 37
十二 26 17:13:03 [0m[ITTI]   Starting itti queue: TASK_DU_F1 as task 38
十二 26 17:13:03 [0m[ITTI]   Starting itti queue: TASK_CUCP_E1 as task 39
十二 26 17:13:03 [0m[ITTI]   Starting itti queue: TASK_CUUP_E1 as task 40
十二 26 17:13:03 [0m[ITTI]   Starting itti queue: TASK_RRC_UE_SIM as task 41
十二 26 17:13:03 [0m[ITTI]   Starting itti queue: TASK_RRC_GNB_SIM as task 42
十二 26 17:13:03 [0m[ITTI]   Starting itti queue: TASK_RRC_NSA_UE as task 43
十二 26 17:13:03 [0m[ITTI]   Starting itti queue: TASK_RRC_NSA_NRUE as task 44
十二 26 17:13:03 [0m[ITTI]   Starting itti queue: TASK_NAS_NRUE as task 45
十二 26 17:13:03 [0m[LIBCONFIG] opt: 3/3 parameters successfully set, (3 to default value)
十二 26 17:13:03 [OPT]   OPT disabled
十二 26 17:13:03 [0m[HW]   Version: Branch: nfapi-fixes Abrev. Hash: e403c9f308 Date: Thu Nov 23 13:53:45 2023 +0100
十二 26 17:13:03 [0m[LIBCONFIG] gNBs.[0]: 28/28 parameters successfully set, (21 to default value)
十二 26 17:13:03 [LIBCONFIG] MACRLCs.[0]: 34/34 parameters successfully set, (24 to default value)
十二 26 17:13:03 [LIBCONFIG] list gNBs.[0].E1_INTERFACE not found in config file ../../../targets/PROJECTS/GENERIC-LTE-EPC/CONF/rcc.band78.tm1.106PRB.nfapi.conf 
十二 26 17:13:03 [PHY]   create_gNB_tasks() Task ready initialize structures
十二 26 17:13:03 [0m[LIBCONFIG] (root): 2/2 parameters successfully set, (0 to default value)
十二 26 17:13:03 [LIBCONFIG] gNBs.[0]: 28/28 parameters successfully set, (21 to default value)
十二 26 17:13:03 [NR_PHY]   RC.gNB = 0x55b1d7f72ba0
十二 26 17:13:03 [0m[LIBCONFIG] (root): 2/2 parameters successfully set, (0 to default value)
十二 26 17:13:03 [LIBCONFIG] gNBs.[0]: 28/28 parameters successfully set, (21 to default value)
十二 26 17:13:03 [NR_PHY]   PRB blacklist 
十二 26 17:13:03 [0m[NR_PHY]   Copying 0 blacklisted PRB to L1 context
十二 26 17:13:03 [0m[LIBCONFIG] list L1s not found in config file ../../../targets/PROJECTS/GENERIC-LTE-EPC/CONF/rcc.band78.tm1.106PRB.nfapi.conf 
十二 26 17:13:03 [PHY]   No L1s configuration found[0m[LIBCONFIG] list prs_config not found in config file ../../../targets/PROJECTS/GENERIC-LTE-EPC/CONF/rcc.band78.tm1.106PRB.nfapi.conf 
十二 26 17:13:03 [PHY]   No prs_config configuration found..!!
十二 26 17:13:03 [0m[LIBCONFIG] (root): 2/2 parameters successfully set, (0 to default value)
十二 26 17:13:03 [LIBCONFIG] gNBs.[0]: 28/28 parameters successfully set, (21 to default value)
十二 26 17:13:03 [LIBCONFIG] MACRLCs.[0]: 34/34 parameters successfully set, (24 to default value)
十二 26 17:13:03 [GNB_APP]   pdsch_AntennaPorts N1 1 N2 1 XP 1 pusch_AntennaPorts 1
十二 26 17:13:03 [0m[GNB_APP]   minTXRXTIME 2
十二 26 17:13:03 [0m[GNB_APP]   SIB1 TDA 1
十二 26 17:13:03 [0m[GNB_APP]   CSI-RS 0, SRS 0, 256 QAM may be on
十二 26 17:13:03 [0m[LIBCONFIG] gNBs.[0].servingCellConfigCommon.[0]: 60/60 parameters successfully set, (9 to default value)
十二 26 17:13:03 [RRC]   Read in ServingCellConfigCommon (PhysCellId 0, ABSFREQSSB 641280, DLBand 78, ABSFREQPOINTA 640008, DLBW 106,RACH_TargetReceivedPower -118
十二 26 17:13:03 [0m[NR_MAC]   NR band duplex spacing is 0 KHz (nr_bandtable[37].band = 78)
十二 26 17:13:03 [0m[RRC]   absoluteFrequencySSB 641280 corresponds to 3619200000 Hz
十二 26 17:13:03 [0m[NR_MAC]   NR band duplex spacing is 0 KHz (nr_bandtable[37].band = 78)
十二 26 17:13:03 [0m[NR_MAC]   NR band 78, duplex mode TDD, duplex spacing = 0 KHz
十二 26 17:13:03 [0m[NR_MAC]   NR band duplex spacing is 0 KHz (nr_bandtable[37].band = 78)
十二 26 17:13:03 [0m[NR_MAC]   NR band 78, duplex mode TDD, duplex spacing = 0 KHz
十二 26 17:13:03 [0m[LIBCONFIG] list gNBs.[0].servingCellConfigDedicated not found in config file ../../../targets/PROJECTS/GENERIC-LTE-EPC/CONF/rcc.band78.tm1.106PRB.nfapi.conf 
十二 26 17:13:03 [LIBCONFIG] gNBs.[0]: 28/28 parameters successfully set, (21 to default value)
十二 26 17:13:03 [LIBCONFIG] MACRLCs.[0]: 34/34 parameters successfully set, (24 to default value)
十二 26 17:13:03 [LIBCONFIG] list gNBs.[0].E1_INTERFACE not found in config file ../../../targets/PROJECTS/GENERIC-LTE-EPC/CONF/rcc.band78.tm1.106PRB.nfapi.conf 
十二 26 17:13:03 [MAC]   [MAIN] Init function start:nb_nr_macrlc_inst=1
十二 26 17:13:03 [0m[UTIL]   Creating thread MAC_STATS with affinity -1 and priority 2
十二 26 17:13:03 [0m[LIBCONFIG] gNBs.[0]: 28/28 parameters successfully set, (21 to default value)
十二 26 17:13:03 [LIBCONFIG] MACRLCs.[0]: 34/34 parameters successfully set, (24 to default value)
十二 26 17:13:03 [LIBCONFIG] list gNBs.[0].E1_INTERFACE not found in config file ../../../targets/PROJECTS/GENERIC-LTE-EPC/CONF/rcc.band78.tm1.106PRB.nfapi.conf 
十二 26 17:13:03 [PHY]   Installing callbacks for IF_Module - UL_indication
十二 26 17:13:03 [0m[MAC]   Allocating shared L1/L2 interface structure for instance 0 @ 0x55b1d7f911a0
十二 26 17:13:03 [0m[NR_MAC]   Configuring common parameters from NR ServingCellConfig
十二 26 17:13:03 [0m[NR_MAC]   config_common() dl_BandwidthP:40
十二 26 17:13:03 [0m[NR_MAC]   NR band duplex spacing is 0 KHz (nr_bandtable[37].band = 78)
十二 26 17:13:03 [0m[NR_MAC]   config_common() dl_BandwidthP:40
十二 26 17:13:03 [0m[NR_MAC]   NR band duplex spacing is 0 KHz (nr_bandtable[37].band = 78)
十二 26 17:13:03 [0m[NR_MAC]   NR band duplex spacing is 0 KHz (nr_bandtable[37].band = 78)
十二 26 17:13:03 [0m[NR_MAC]   NR band 78, duplex mode TDD, duplex spacing = 0 KHz
十二 26 17:13:03 [0m[NR_MAC]   ssb_OffsetPointA 86, ssb_SubcarrierOffset 0
十二 26 17:13:03 [0m[NR_MAC]   Set RX antenna number to 1, Set TX antenna number to 1 (num ssb 1: 80000000,0)
十二 26 17:13:03 [0m[NR_MAC]   Setting TDD configuration period to 6
十二 26 17:13:03 [0m[NR_MAC]   TDD has been properly configurated
十二 26 17:13:03 [0m[NR_MAC]   PUSCH Target 200, PUCCH Target 150, PUCCH Failure 10, PUSCH Failure 10
十二 26 17:13:03 [0m**************** vnf_port:50001
十二 26 17:13:03 [ENB_APP]   nfapi running mode: VNF
十二 26 17:13:03 [0m**************** RETURNED FROM configure_nfapi_vnf() vnf_port:50001
十二 26 17:13:03 [LIBCONFIG] (root): 2/2 parameters successfully set, (0 to default value)
十二 26 17:13:03 [LIBCONFIG] gNBs.[0]: 28/28 parameters successfully set, (21 to default value)
十二 26 17:13:03 1110627230771 [E] 3310880512: nfapi_nr_vnf_start: After bind errno: 98
十二 26 17:13:03 [LIBCONFIG] gNBs.[0].plmn_list.[0]: 3/3 parameters successfully set, (0 to default value)
十二 26 17:13:03 [93m[GNB_APP]   no slices transported via F1 Setup Request!
十二 26 17:13:03 [0m[NR_RRC]   SIB1 freq: offsetToPointA 86
十二 26 17:13:03 [0m[NR_MAC]   NR band duplex spacing is 0 KHz (nr_bandtable[37].band = 78)
十二 26 17:13:03 [0m[NR_MAC]   NR band 78, duplex mode TDD, duplex spacing = 0 KHz
十二 26 17:13:03 [0m[GNB_APP]   F1AP: gNB idx 0 gNB_DU_id 3584, gNB_DU_name gNB-Eurecom-5GNRBox, TAC 1 MCC/MNC/length 208/95/2 cellID 1
十二 26 17:13:03 [0m[GNB_APP]   ngran_DU: Configuring Cell 0 for TDD
十二 26 17:13:03 [0m[PHY]   create_gNB_tasks() RC.nb_nr_L1_inst:0
十二 26 17:13:03 [0m[GNB_APP]   Allocating gNB_RRC_INST for 1 instances
十二 26 17:13:03 [0m[LIBCONFIG] (root): 2/2 parameters successfully set, (0 to default value)
十二 26 17:13:03 [LIBCONFIG] gNBs.[0]: 28/28 parameters successfully set, (21 to default value)
十二 26 17:13:03 NRRRC 0: Southbound Transport local_mac
十二 26 17:13:03 [LIBCONFIG] gNBs.[0]: 28/28 parameters successfully set, (21 to default value)
十二 26 17:13:03 [LIBCONFIG] MACRLCs.[0]: 34/34 parameters successfully set, (24 to default value)
十二 26 17:13:03 [LIBCONFIG] list gNBs.[0].E1_INTERFACE not found in config file ../../../targets/PROJECTS/GENERIC-LTE-EPC/CONF/rcc.band78.tm1.106PRB.nfapi.conf 
十二 26 17:13:03 [LIBCONFIG] gNBs.[0].plmn_list.[0]: 3/3 parameters successfully set, (0 to default value)
十二 26 17:13:03 [GNB_APP]   SDAP layer is disabled
十二 26 17:13:03 [0m[GNB_APP]   Data Radio Bearer count 1
十二 26 17:13:03 [0m[NR_RRC]   do_SIB23_NR, size 9 
十二 26 17:13:03  [0m[LIBCONFIG] security: 4/4 parameters successfully set, (2 to default value)
十二 26 17:13:03 [93m[RRC]   no preferred ciphering algorithm set in configuration file, applying default parameters (no security)
十二 26 17:13:03 [0m[93m[RRC]   no preferred integrity algorithm set in configuration file, applying default parameters (nia2)
十二 26 17:13:03 [0m[LIBCONFIG] gNBs.[0]: 28/28 parameters successfully set, (21 to default value)
十二 26 17:13:03 [LIBCONFIG] MACRLCs.[0]: 34/34 parameters successfully set, (24 to default value)
十二 26 17:13:03 [LIBCONFIG] list gNBs.[0].E1_INTERFACE not found in config file ../../../targets/PROJECTS/GENERIC-LTE-EPC/CONF/rcc.band78.tm1.106PRB.nfapi.conf 
十二 26 17:13:03 [LIBCONFIG] gNBs.[0]: 28/28 parameters successfully set, (21 to default value)
十二 26 17:13:03 [LIBCONFIG] MACRLCs.[0]: 34/34 parameters successfully set, (24 to default value)
十二 26 17:13:03 [LIBCONFIG] list gNBs.[0].E1_INTERFACE not found in config file ../../../targets/PROJECTS/GENERIC-LTE-EPC/CONF/rcc.band78.tm1.106PRB.nfapi.conf 
十二 26 17:13:03 [LIBCONFIG] gNBs.[0]: 28/28 parameters successfully set, (21 to default value)
十二 26 17:13:03 [LIBCONFIG] MACRLCs.[0]: 34/34 parameters successfully set, (24 to default value)
十二 26 17:13:03 [LIBCONFIG] list gNBs.[0].E1_INTERFACE not found in config file ../../../targets/PROJECTS/GENERIC-LTE-EPC/CONF/rcc.band78.tm1.106PRB.nfapi.conf 
十二 26 17:13:03 [PDCP]   pdcp init,usegtp 
十二 26 17:13:03 [0m[LIBCONFIG] eNBs.[0]: 1/1 parameters successfully set, (1 to default value)
十二 26 17:13:03 [LIBCONFIG] gNBs.[0]: 1/1 parameters successfully set, (1 to default value)
十二 26 17:13:03 [LIBCONFIG] (root): 2/2 parameters successfully set, (0 to default value)
十二 26 17:13:03 [LIBCONFIG] gNBs.[0]: 28/28 parameters successfully set, (21 to default value)
十二 26 17:13:03 [LIBCONFIG] gNBs.[0].plmn_list.[0]: 3/3 parameters successfully set, (0 to default value)
十二 26 17:13:03 [LIBCONFIG] gNBs.[0].plmn_list.[0].snssaiList.[0]: 2/2 parameters successfully set, (1 to default value)
十二 26 17:13:03 [LIBCONFIG] gNBs.[0].amf_ip_address.[0]: 4/4 parameters successfully set, (0 to default value)
十二 26 17:13:03 [LIBCONFIG] gNBs.[0].SCTP: 2/2 parameters successfully set, (0 to default value)
十二 26 17:13:03 [LIBCONFIG] gNBs.[0].NETWORK_INTERFACES: 10/10 parameters successfully set, (3 to default value)
十二 26 17:13:03 [GNB_APP]   default drx 0
十二 26 17:13:03 [0m[GNB_APP]   [gNB 0] gNB_app_register for instance 0
十二 26 17:13:03 [0m[UTIL]   Creating thread TASK_SCTP with affinity -1 and priority 50
十二 26 17:13:03 [0m[ITTI]   Created Posix thread TASK_SCTP
十二 26 17:13:03 [0m[X2AP]   X2AP is disabled.
十二 26 17:13:03 [0m[LIBCONFIG] gNBs.[0].NETWORK_INTERFACES: 10/10 parameters successfully set, (3 to default value)
十二 26 17:13:03 [UTIL]   Creating thread TASK_NGAP with affinity -1 and priority 50
十二 26 17:13:03 [0m[NGAP]   Starting NGAP layer
十二 26 17:13:03 [0m[ITTI]   Created Posix thread TASK_NGAP
十二 26 17:13:03 [0m[UTIL]   Creating thread TASK_GNB_APP with affinity -1 and priority 50
十二 26 17:13:03 [0m[NGAP]   Registered new gNB[0] and macro gNB id 3584
十二 26 17:13:03 [0m[NGAP]   [gNB 0] check the amf registration state
十二 26 17:13:03 [0m[ITTI]   Created Posix thread TASK_GNB_APP
十二 26 17:13:03 [0m[UTIL]   Creating thread TASK_RRC_GNB with affinity -1 and priority 50
十二 26 17:13:03 [0m[LIBCONFIG] gNBs.[0]: 28/28 parameters successfully set, (21 to default value)
十二 26 17:13:03 [LIBCONFIG] MACRLCs.[0]: 34/34 parameters successfully set, (24 to default value)
十二 26 17:13:03 [LIBCONFIG] list gNBs.[0].E1_INTERFACE not found in config file ../../../targets/PROJECTS/GENERIC-LTE-EPC/CONF/rcc.band78.tm1.106PRB.nfapi.conf 
十二 26 17:13:03 [ITTI]   Created Posix thread TASK_RRC_GNB
十二 26 17:13:03 [0m[LIBCONFIG] (root): 2/2 parameters successfully set, (0 to default value)
十二 26 17:13:03 [LIBCONFIG] gNBs.[0]: 28/28 parameters successfully set, (21 to default value)
十二 26 17:13:03 [LIBCONFIG] gNBs.[0].plmn_list.[0]: 3/3 parameters successfully set, (0 to default value)
十二 26 17:13:03 [LIBCONFIG] gNBs.[0].plmn_list.[0].snssaiList.[0]: 2/2 parameters successfully set, (1 to default value)
十二 26 17:13:03 [GTPU]   Configuring GTPu
十二 26 17:13:03 [0m[LIBCONFIG] (root): 2/2 parameters successfully set, (0 to default value)
十二 26 17:13:03 [LIBCONFIG] gNBs.[0].NETWORK_INTERFACES: 10/10 parameters successfully set, (3 to default value)
十二 26 17:13:03 [GTPU]   SA mode 
十二 26 17:13:03 [0m[GTPU]   Configuring GTPu address : 192.168.70.129, port : 2152
十二 26 17:13:03 [0m[GTPU]   Initializing UDP for local address 192.168.70.129 with port 2152
十二 26 17:13:03 [0m[GTPU]   Created gtpu instance id: 100
十二 26 17:13:03 [0m[NR_RRC]   Entering main loop of NR_RRC message task
十二 26 17:13:03 [0m[UTIL]   Creating thread TASK_GTPV1_U with affinity -1 and priority 50
十二 26 17:13:03 [0m[NR_RRC]   Received F1 Setup Request from gNB_DU 3584 (gNB-Eurecom-5GNRBox) on assoc_id -1
十二 26 17:13:03 [0m[RRC]   Accepting DU 3584 (gNB-Eurecom-5GNRBox), sending F1 Setup Response
十二 26 17:13:03 [0m[MAC]   received F1 Setup Response from CU (null)
十二 26 17:13:03 [0m[RRC]   Accepting new CU-UP ID 3584 name gNB-Eurecom-5GNRBox (assoc_id -1)
十二 26 17:13:03 [0m[ITTI]   Created Posix thread TASK_GTPV1_U
十二 26 17:13:03 [0mNFAPI*** - mutex and cond created - will block shortly for completion of PNF connection
十二 26 17:13:03 START MAIN THREADS
十二 26 17:13:03 RC.nb_nr_L1_inst:0
十二 26 17:13:03 wait_gNBs()
十二 26 17:13:03 Waiting for gNB L1 instances to all get configured ... sleeping 50ms (nb_nr_sL1_inst 0)
十二 26 17:13:03 gNB L1 are configured
十二 26 17:13:03 About to Init RU threads RC.nb_RU:0
十二 26 17:13:03 Entering ITTI signals handler
十二 26 17:13:03 TYPE <CTRL-C> TO TERMINATE
